"../../../Engine/Content/EditorResources/S_Actor.ubulk" 0
"../../../Engine/Content/EditorResources/S_Actor.uasset" 1
"../../../Engine/Content/EditorResources/S_Actor.uexp" 2
"../../../Engine/Content/EditorResources/S_BoxReflectionCapture.uasset" 3
"../../../Engine/Content/EditorResources/S_BoxReflectionCapture.uexp" 4
"../../../Engine/Content/EngineResources/DefaultTexture.ubulk" 5
"../../../Engine/Content/EngineResources/DefaultTexture.uasset" 6
"../../../Engine/Content/EngineResources/DefaultTexture.uexp" 7
"../../../Engine/Content/EngineResources/DefaultTextureCube.uasset" 8
"../../../Engine/Content/EngineResources/DefaultTextureCube.uexp" 9
"../../../Engine/Content/EngineResources/DefaultVolumeTexture2D.uasset" 10
"../../../Engine/Content/EngineResources/DefaultVolumeTexture2D.uexp" 11
"../../../Engine/Content/EngineResources/DefaultVolumeTexture.uasset" 12
"../../../Engine/Content/EngineResources/DefaultVolumeTexture.uexp" 13
"../../../Engine/Content/EditorResources/S_Trigger.ubulk" 14
"../../../Engine/Content/EditorResources/S_Trigger.uasset" 15
"../../../Engine/Content/EditorResources/S_Trigger.uexp" 16
"../../../Engine/Content/EditorResources/S_TriggerBox.uasset" 17
"../../../Engine/Content/EditorResources/S_TriggerBox.uexp" 18
"../../../Engine/Content/EditorResources/S_TriggerCapsule.uasset" 19
"../../../Engine/Content/EditorResources/S_TriggerCapsule.uexp" 20
"../../../Engine/Content/EditorResources/S_TriggerSphere.uasset" 21
"../../../Engine/Content/EditorResources/S_TriggerSphere.uexp" 22
"../../../Engine/Content/EngineMeshes/Sphere.ubulk" 23
"../../../Engine/Content/EngineMeshes/Sphere.uasset" 24
"../../../Engine/Content/EngineMeshes/Sphere.uexp" 25
"../../../Engine/Content/EngineResources/GradientTexture0.uasset" 26
"../../../Engine/Content/EngineResources/GradientTexture0.uexp" 27
"../../../Engine/Content/EngineResources/Black.uasset" 28
"../../../Engine/Content/EngineResources/Black.uexp" 29
"../../../Engine/Content/VREditor/LaserPointer/VR_LaserPower_01.ubulk" 30
"../../../Engine/Content/VREditor/LaserPointer/VR_LaserPower_01.uasset" 31
"../../../Engine/Content/VREditor/LaserPointer/VR_LaserPower_01.uexp" 32
"../../../Engine/Content/VREditor/TransformGizmo/TransformGizmoMaterial.uasset" 33
"../../../Engine/Content/VREditor/TransformGizmo/TransformGizmoMaterial.uexp" 34
"../../../Engine/Content/VREditor/TransformGizmo/TranslucentTransformGizmoMaterial.uasset" 35
"../../../Engine/Content/VREditor/TransformGizmo/TranslucentTransformGizmoMaterial.uexp" 36
"../../../Engine/Content/VREditor/TransformGizmo/PlaneTranslationHandle.ubulk" 37
"../../../Engine/Content/VREditor/TransformGizmo/PlaneTranslationHandle.uasset" 38
"../../../Engine/Content/VREditor/TransformGizmo/PlaneTranslationHandle.uexp" 39
"../../../Engine/Content/VREditor/TransformGizmo/BoundingBoxCorner.ubulk" 40
"../../../Engine/Content/VREditor/TransformGizmo/BoundingBoxCorner.uasset" 41
"../../../Engine/Content/VREditor/TransformGizmo/BoundingBoxCorner.uexp" 42
"../../../Engine/Content/VREditor/TransformGizmo/BoundingBoxEdge.ubulk" 43
"../../../Engine/Content/VREditor/TransformGizmo/BoundingBoxEdge.uasset" 44
"../../../Engine/Content/VREditor/TransformGizmo/BoundingBoxEdge.uexp" 45
"../../../Engine/Content/VREditor/TransformGizmo/Main.uasset" 46
"../../../Engine/Content/VREditor/TransformGizmo/Main.uexp" 47
"../../../Engine/Content/VREditor/TransformGizmo/Xray.uasset" 48
"../../../Engine/Content/VREditor/TransformGizmo/Xray.uexp" 49
"../../../Engine/Content/VREditor/TransformGizmo/SM_Sequencer_Node.ubulk" 50
"../../../Engine/Content/VREditor/TransformGizmo/SM_Sequencer_Node.uasset" 51
"../../../Engine/Content/VREditor/TransformGizmo/SM_Sequencer_Node.uexp" 52
"../../../Engine/Content/EditorMaterials/Camera/CineMat.uasset" 53
"../../../Engine/Content/EditorMaterials/Camera/CineMat.uexp" 54
"../../../Engine/Content/EditorMaterials/Camera/MI_CineMat_Rig.uasset" 55
"../../../Engine/Content/EditorMaterials/Camera/MI_CineMat_Rig.uexp" 56
"../../../Engine/Content/EditorMeshes/Camera/SM_CraneRig_Base.ubulk" 57
"../../../Engine/Content/EditorMeshes/Camera/SM_CraneRig_Base.uasset" 58
"../../../Engine/Content/EditorMeshes/Camera/SM_CraneRig_Base.uexp" 59
"../../../Engine/Content/EditorMeshes/Camera/SM_CraneRig_Arm.ubulk" 60
"../../../Engine/Content/EditorMeshes/Camera/SM_CraneRig_Arm.uasset" 61
"../../../Engine/Content/EditorMeshes/Camera/SM_CraneRig_Arm.uexp" 62
"../../../Engine/Content/EditorMeshes/Camera/SM_CraneRig_Mount.ubulk" 63
"../../../Engine/Content/EditorMeshes/Camera/SM_CraneRig_Mount.uasset" 64
"../../../Engine/Content/EditorMeshes/Camera/SM_CraneRig_Mount.uexp" 65
"../../../Engine/Content/EditorMeshes/Camera/SM_CraneRig_Body.ubulk" 66
"../../../Engine/Content/EditorMeshes/Camera/SM_CraneRig_Body.uasset" 67
"../../../Engine/Content/EditorMeshes/Camera/SM_CraneRig_Body.uexp" 68
"../../../Engine/Content/EditorMeshes/Camera/SM_RailRig_Track.ubulk" 69
"../../../Engine/Content/EditorMeshes/Camera/SM_RailRig_Track.uasset" 70
"../../../Engine/Content/EditorMeshes/Camera/SM_RailRig_Track.uexp" 71
"../../../Engine/Content/EditorMeshes/Camera/SM_RailRig_Mount.ubulk" 72
"../../../Engine/Content/EditorMeshes/Camera/SM_RailRig_Mount.uasset" 73
"../../../Engine/Content/EditorMeshes/Camera/SM_RailRig_Mount.uexp" 74
"../../../Engine/Content/EngineMaterials/T_Default_Material_Grid_M.ubulk" 75
"../../../Engine/Content/EngineMaterials/T_Default_Material_Grid_M.uasset" 76
"../../../Engine/Content/EngineMaterials/T_Default_Material_Grid_M.uexp" 77
"../../../Engine/Content/EngineMaterials/T_Default_Material_Grid_N.ubulk" 78
"../../../Engine/Content/EngineMaterials/T_Default_Material_Grid_N.uasset" 79
"../../../Engine/Content/EngineMaterials/T_Default_Material_Grid_N.uexp" 80
"../../../Engine/Content/Functions/Engine_MaterialFunctions01/Opacity/CameraDepthFade.uasset" 81
"../../../Engine/Content/Functions/Engine_MaterialFunctions01/Opacity/CameraDepthFade.uexp" 82
"../../../Engine/Content/EngineMaterials/WorldGridMaterial.uasset" 83
"../../../Engine/Content/EngineMaterials/WorldGridMaterial.uexp" 84
"../../../Engine/Content/ArtTools/RenderToTexture/Meshes/S_1_Unit_Plane.ubulk" 85
"../../../Engine/Content/ArtTools/RenderToTexture/Meshes/S_1_Unit_Plane.uasset" 86
"../../../Engine/Content/ArtTools/RenderToTexture/Meshes/S_1_Unit_Plane.uexp" 87
"../../../Engine/Content/EditorMaterials/ParticleSystems/PSysThumbnail_NoImage.ubulk" 88
"../../../Engine/Content/EditorMaterials/ParticleSystems/PSysThumbnail_NoImage.uasset" 89
"../../../Engine/Content/EditorMaterials/ParticleSystems/PSysThumbnail_NoImage.uexp" 90
"../../../Engine/Content/EditorMaterials/ParticleSystems/PSysThumbnail_OOD.ubulk" 91
"../../../Engine/Content/EditorMaterials/ParticleSystems/PSysThumbnail_OOD.uasset" 92
"../../../Engine/Content/EditorMaterials/ParticleSystems/PSysThumbnail_OOD.uexp" 93
"../../../Engine/Content/EditorLandscapeResources/SplineEditorMeshMat.uasset" 94
"../../../Engine/Content/EditorLandscapeResources/SplineEditorMeshMat.uexp" 95
"../../../Engine/Content/EditorLandscapeResources/SplineEditorMesh.ubulk" 96
"../../../Engine/Content/EditorLandscapeResources/SplineEditorMesh.uasset" 97
"../../../Engine/Content/EditorLandscapeResources/SplineEditorMesh.uexp" 98
"../../../Engine/Content/EditorResources/S_Solver.ubulk" 99
"../../../Engine/Content/EditorResources/S_Solver.uasset" 100
"../../../Engine/Content/EditorResources/S_Solver.uexp" 101
"../../../Engine/Plugins/Media/MediaPlate/Content/SM_MediaPlateScreen.ubulk" 102
"../../../Engine/Plugins/Media/MediaPlate/Content/SM_MediaPlateScreen.uasset" 103
"../../../Engine/Plugins/Media/MediaPlate/Content/SM_MediaPlateScreen.uexp" 104
"../../../Engine/Content/EngineMaterials/Good64x64TilingNoiseHighFreq.uasset" 105
"../../../Engine/Content/EngineMaterials/Good64x64TilingNoiseHighFreq.uexp" 106
"../../../Engine/Content/EngineMaterials/DefaultBokeh.uasset" 107
"../../../Engine/Content/EngineMaterials/DefaultBokeh.uexp" 108
"../../../Engine/Content/EngineMaterials/PreintegratedSkinBRDF.uasset" 109
"../../../Engine/Content/EngineMaterials/PreintegratedSkinBRDF.uexp" 110
"../../../Engine/Content/EngineMaterials/MiniFont.uasset" 111
"../../../Engine/Content/EngineMaterials/MiniFont.uexp" 112
"../../../Engine/Content/EngineMaterials/WeightMapPlaceholderTexture.uasset" 113
"../../../Engine/Content/EngineMaterials/WeightMapPlaceholderTexture.uexp" 114
"../../../Engine/Content/EngineMaterials/DefaultWhiteGrid.ubulk" 115
"../../../Engine/Content/EngineMaterials/DefaultWhiteGrid.uasset" 116
"../../../Engine/Content/EngineMaterials/DefaultWhiteGrid.uexp" 117
"../../../Engine/Plugins/2D/Paper2D/Content/PlaceholderTextures/DummySpriteTexture.ubulk" 118
"../../../Engine/Plugins/2D/Paper2D/Content/PlaceholderTextures/DummySpriteTexture.uasset" 119
"../../../Engine/Plugins/2D/Paper2D/Content/PlaceholderTextures/DummySpriteTexture.uexp" 120
"../../../Engine/Plugins/2D/Paper2D/Content/DefaultSpriteMaterial.uasset" 121
"../../../Engine/Plugins/2D/Paper2D/Content/DefaultSpriteMaterial.uexp" 122
"../../../Engine/Plugins/2D/Paper2D/Content/OpaqueUnlitSpriteMaterial.uasset" 123
"../../../Engine/Plugins/2D/Paper2D/Content/OpaqueUnlitSpriteMaterial.uexp" 124
"../../../Engine/Plugins/2D/Paper2D/Content/MaskedUnlitSpriteMaterial.uasset" 125
"../../../Engine/Plugins/2D/Paper2D/Content/MaskedUnlitSpriteMaterial.uexp" 126
"../../../Engine/Plugins/2D/Paper2D/Content/DummySprite.uasset" 127
"../../../Engine/Plugins/2D/Paper2D/Content/DummySprite.uexp" 128
"../../../Engine/Plugins/2D/Paper2D/Content/DefaultPaperTerrainMaterial.uasset" 129
"../../../Engine/Plugins/2D/Paper2D/Content/DefaultPaperTerrainMaterial.uexp" 130
"../../../Engine/Content/Functions/Engine_MaterialFunctions02/WorldPositionOffset/CameraOffset.uasset" 131
"../../../Engine/Content/Functions/Engine_MaterialFunctions02/WorldPositionOffset/CameraOffset.uexp" 132
"../../../Engine/Plugins/Animation/ControlRig/Content/M_Manip.uasset" 133
"../../../Engine/Plugins/Animation/ControlRig/Content/M_Manip.uexp" 134
"C:/Users/frase/Documents/GitHub/GGJ2024/Content/Inputs/IA_Grab.uasset" 135
"C:/Users/frase/Documents/GitHub/GGJ2024/Content/Inputs/IA_Grab.uexp" 136
"C:/Users/frase/Documents/GitHub/GGJ2024/Content/Models/bUNNY/bUNNY_-_player_Skeleton.uasset" 137
"C:/Users/frase/Documents/GitHub/GGJ2024/Content/Models/bUNNY/bUNNY_-_player_Skeleton.uexp" 138
"C:/Users/frase/Documents/GitHub/GGJ2024/Content/Models/MATERIALS/MATT_NOSE.uasset" 139
"C:/Users/frase/Documents/GitHub/GGJ2024/Content/Models/MATERIALS/MATT_NOSE.uexp" 140
"C:/Users/frase/Documents/GitHub/GGJ2024/Content/Models/MATERIALS/MATT_EYES.uasset" 141
"C:/Users/frase/Documents/GitHub/GGJ2024/Content/Models/MATERIALS/MATT_EYES.uexp" 142
"C:/Users/frase/Documents/GitHub/GGJ2024/Content/Models/MATERIALS/MATT_BODY.uasset" 143
"C:/Users/frase/Documents/GitHub/GGJ2024/Content/Models/MATERIALS/MATT_BODY.uexp" 144
"C:/Users/frase/Documents/GitHub/GGJ2024/Content/Models/MATERIALS/lambert3.uasset" 145
"C:/Users/frase/Documents/GitHub/GGJ2024/Content/Models/MATERIALS/lambert3.uexp" 146
"C:/Users/frase/Documents/GitHub/GGJ2024/Content/Models/MATERIALS/standardSurface1.uasset" 147
"C:/Users/frase/Documents/GitHub/GGJ2024/Content/Models/MATERIALS/standardSurface1.uexp" 148
"C:/Users/frase/Documents/GitHub/GGJ2024/Content/Models/MATERIALS/MATT_TEACUP.uasset" 149
"C:/Users/frase/Documents/GitHub/GGJ2024/Content/Models/MATERIALS/MATT_TEACUP.uexp" 150
"C:/Users/frase/Documents/GitHub/GGJ2024/Content/Models/bUNNY/bUNNY_-_player_PhysicsAsset.uasset" 151
"C:/Users/frase/Documents/GitHub/GGJ2024/Content/Models/bUNNY/bUNNY_-_player_PhysicsAsset.uexp" 152
"C:/Users/frase/Documents/GitHub/GGJ2024/Content/Models/bUNNY/bUNNY_-_player.uasset" 153
"C:/Users/frase/Documents/GitHub/GGJ2024/Content/Models/bUNNY/bUNNY_-_player.uexp" 154
"C:/Users/frase/Documents/GitHub/GGJ2024/Content/Models/FROG/FROG_-_player_PhysicsAsset.uasset" 155
"C:/Users/frase/Documents/GitHub/GGJ2024/Content/Models/FROG/FROG_-_player_PhysicsAsset.uexp" 156
"C:/Users/frase/Documents/GitHub/GGJ2024/Content/Models/FROG/FROG_-_player_Skeleton.uasset" 157
"C:/Users/frase/Documents/GitHub/GGJ2024/Content/Models/FROG/FROG_-_player_Skeleton.uexp" 158
"C:/Users/frase/Documents/GitHub/GGJ2024/Content/Models/MATERIALS/pasted__FROG_DETAILS1.uasset" 159
"C:/Users/frase/Documents/GitHub/GGJ2024/Content/Models/MATERIALS/pasted__FROG_DETAILS1.uexp" 160
"C:/Users/frase/Documents/GitHub/GGJ2024/Content/Models/MATERIALS/pasted__FROG_SHOES.uasset" 161
"C:/Users/frase/Documents/GitHub/GGJ2024/Content/Models/MATERIALS/pasted__FROG_SHOES.uexp" 162
"C:/Users/frase/Documents/GitHub/GGJ2024/Content/Models/MATERIALS/pasted__FROG_FACE.uasset" 163
"C:/Users/frase/Documents/GitHub/GGJ2024/Content/Models/MATERIALS/pasted__FROG_FACE.uexp" 164
"C:/Users/frase/Documents/GitHub/GGJ2024/Content/Models/MATERIALS/pasted__FROG_BODY.uasset" 165
"C:/Users/frase/Documents/GitHub/GGJ2024/Content/Models/MATERIALS/pasted__FROG_BODY.uexp" 166
"C:/Users/frase/Documents/GitHub/GGJ2024/Content/Models/FROG/FROG_-_player.uasset" 167
"C:/Users/frase/Documents/GitHub/GGJ2024/Content/Models/FROG/FROG_-_player.uexp" 168
"C:/Users/frase/Documents/GitHub/GGJ2024/Content/Inputs/IA_Move.uasset" 169
"C:/Users/frase/Documents/GitHub/GGJ2024/Content/Inputs/IA_Move.uexp" 170
"C:/Users/frase/Documents/GitHub/GGJ2024/Content/Models/TORTOISE/TORTOISE_-_player_PhysicsAsset.uasset" 171
"C:/Users/frase/Documents/GitHub/GGJ2024/Content/Models/TORTOISE/TORTOISE_-_player_PhysicsAsset.uexp" 172
"C:/Users/frase/Documents/GitHub/GGJ2024/Content/Models/MATERIALS/mat_TORTOISE_TUMMY.uasset" 173
"C:/Users/frase/Documents/GitHub/GGJ2024/Content/Models/MATERIALS/mat_TORTOISE_TUMMY.uexp" 174
"C:/Users/frase/Documents/GitHub/GGJ2024/Content/Models/MATERIALS/mat_TORTOISE_BODY.uasset" 175
"C:/Users/frase/Documents/GitHub/GGJ2024/Content/Models/MATERIALS/mat_TORTOISE_BODY.uexp" 176
"C:/Users/frase/Documents/GitHub/GGJ2024/Content/Models/MATERIALS/mat_TORTOISE_NAILS.uasset" 177
"C:/Users/frase/Documents/GitHub/GGJ2024/Content/Models/MATERIALS/mat_TORTOISE_NAILS.uexp" 178
"C:/Users/frase/Documents/GitHub/GGJ2024/Content/Models/MATERIALS/mat_TORTOISE_SHELL.uasset" 179
"C:/Users/frase/Documents/GitHub/GGJ2024/Content/Models/MATERIALS/mat_TORTOISE_SHELL.uexp" 180
"C:/Users/frase/Documents/GitHub/GGJ2024/Content/Models/MATERIALS/mat_TORTOISE_SHELL_2.uasset" 181
"C:/Users/frase/Documents/GitHub/GGJ2024/Content/Models/MATERIALS/mat_TORTOISE_SHELL_2.uexp" 182
"C:/Users/frase/Documents/GitHub/GGJ2024/Content/Models/MATERIALS/mat_TORTOISE_SHELL_3.uasset" 183
"C:/Users/frase/Documents/GitHub/GGJ2024/Content/Models/MATERIALS/mat_TORTOISE_SHELL_3.uexp" 184
"C:/Users/frase/Documents/GitHub/GGJ2024/Content/Models/MATERIALS/mat_TORTOISE_HAIR.uasset" 185
"C:/Users/frase/Documents/GitHub/GGJ2024/Content/Models/MATERIALS/mat_TORTOISE_HAIR.uexp" 186
"C:/Users/frase/Documents/GitHub/GGJ2024/Content/Models/MATERIALS/mat_TORTOISE_EYES.uasset" 187
"C:/Users/frase/Documents/GitHub/GGJ2024/Content/Models/MATERIALS/mat_TORTOISE_EYES.uexp" 188
"C:/Users/frase/Documents/GitHub/GGJ2024/Content/Models/TORTOISE/TORTOISE_-_player_Skeleton.uasset" 189
"C:/Users/frase/Documents/GitHub/GGJ2024/Content/Models/TORTOISE/TORTOISE_-_player_Skeleton.uexp" 190
"C:/Users/frase/Documents/GitHub/GGJ2024/Content/Models/MATERIALS/mat_TORTOISE_SPIKES.uasset" 191
"C:/Users/frase/Documents/GitHub/GGJ2024/Content/Models/MATERIALS/mat_TORTOISE_SPIKES.uexp" 192
"C:/Users/frase/Documents/GitHub/GGJ2024/Content/Models/MATERIALS/mat_TORTOISE_CHOKER.uasset" 193
"C:/Users/frase/Documents/GitHub/GGJ2024/Content/Models/MATERIALS/mat_TORTOISE_CHOKER.uexp" 194
"C:/Users/frase/Documents/GitHub/GGJ2024/Content/Models/TORTOISE/TORTOISE_-_player.uasset" 195
"C:/Users/frase/Documents/GitHub/GGJ2024/Content/Models/TORTOISE/TORTOISE_-_player.uexp" 196
"C:/Users/frase/Documents/GitHub/GGJ2024/Content/Models/MATERIALS/Mat_eyes.uasset" 197
"C:/Users/frase/Documents/GitHub/GGJ2024/Content/Models/MATERIALS/Mat_eyes.uexp" 198
"C:/Users/frase/Documents/GitHub/GGJ2024/Content/Models/BIRD/BIRD_-_player_PhysicsAsset.uasset" 199
"C:/Users/frase/Documents/GitHub/GGJ2024/Content/Models/BIRD/BIRD_-_player_PhysicsAsset.uexp" 200
"C:/Users/frase/Documents/GitHub/GGJ2024/Content/Models/MATERIALS/mat_BIRD.uasset" 201
"C:/Users/frase/Documents/GitHub/GGJ2024/Content/Models/MATERIALS/mat_BIRD.uexp" 202
"C:/Users/frase/Documents/GitHub/GGJ2024/Content/Models/MATERIALS/mat_wheel.uasset" 203
"C:/Users/frase/Documents/GitHub/GGJ2024/Content/Models/MATERIALS/mat_wheel.uexp" 204
"C:/Users/frase/Documents/GitHub/GGJ2024/Content/Models/MATERIALS/HAT_RIBBON.uasset" 205
"C:/Users/frase/Documents/GitHub/GGJ2024/Content/Models/MATERIALS/HAT_RIBBON.uexp" 206
"C:/Users/frase/Documents/GitHub/GGJ2024/Content/Models/MATERIALS/mat_tongue.uasset" 207
"C:/Users/frase/Documents/GitHub/GGJ2024/Content/Models/MATERIALS/mat_tongue.uexp" 208
"C:/Users/frase/Documents/GitHub/GGJ2024/Content/Models/BIRD/BIRD_-_player_Skeleton.uasset" 209
"C:/Users/frase/Documents/GitHub/GGJ2024/Content/Models/BIRD/BIRD_-_player_Skeleton.uexp" 210
"C:/Users/frase/Documents/GitHub/GGJ2024/Content/Models/MATERIALS/HAT_BASE.uasset" 211
"C:/Users/frase/Documents/GitHub/GGJ2024/Content/Models/MATERIALS/HAT_BASE.uexp" 212
"C:/Users/frase/Documents/GitHub/GGJ2024/Content/Models/BIRD/BIRD_-_player.uasset" 213
"C:/Users/frase/Documents/GitHub/GGJ2024/Content/Models/BIRD/BIRD_-_player.uexp" 214
"C:/Users/frase/Documents/GitHub/GGJ2024/Content/Inputs/IA_Drop.uasset" 215
"C:/Users/frase/Documents/GitHub/GGJ2024/Content/Inputs/IA_Drop.uexp" 216
"C:/Users/frase/Documents/GitHub/GGJ2024/Content/Inputs/IMC_Movement.uasset" 217
"C:/Users/frase/Documents/GitHub/GGJ2024/Content/Inputs/IMC_Movement.uexp" 218
"C:/Users/frase/Documents/GitHub/GGJ2024/Content/Blueprints/BP_Player.uasset" 219
"C:/Users/frase/Documents/GitHub/GGJ2024/Content/Blueprints/BP_Player.uexp" 220
"../../../Engine/Content/EditorBlueprintResources/StandardMacros.uasset" 221
"../../../Engine/Content/EditorBlueprintResources/StandardMacros.uexp" 222
"C:/Users/frase/Documents/GitHub/GGJ2024/Content/Blueprints/BP_Gamemode.uasset" 223
"C:/Users/frase/Documents/GitHub/GGJ2024/Content/Blueprints/BP_Gamemode.uexp" 224
"../../../Engine/Content/Animation/DefaultRecorderBoneCompression.uasset" 225
"../../../Engine/Content/Animation/DefaultRecorderBoneCompression.uexp" 226
"../../../Engine/Content/Animation/DefaultAnimCurveCompressionSettings.uasset" 227
"../../../Engine/Content/Animation/DefaultAnimCurveCompressionSettings.uexp" 228
"../../../Engine/Content/Animation/DefaultAnimBoneCompressionSettings.uasset" 229
"../../../Engine/Content/Animation/DefaultAnimBoneCompressionSettings.uexp" 230
"../../../Engine/Content/BasicShapes/Plane.ubulk" 231
"../../../Engine/Content/BasicShapes/Plane.uasset" 232
"../../../Engine/Content/BasicShapes/Plane.uexp" 233
"../../../Engine/Content/EngineMaterials/DefaultMaterial.uasset" 234
"../../../Engine/Content/EngineMaterials/DefaultMaterial.uexp" 235
"../../../Engine/Content/BasicShapes/Cylinder.ubulk" 236
"../../../Engine/Content/BasicShapes/Cylinder.uasset" 237
"../../../Engine/Content/BasicShapes/Cylinder.uexp" 238
"../../../Engine/Content/BasicShapes/Cone.ubulk" 239
"../../../Engine/Content/BasicShapes/Cone.uasset" 240
"../../../Engine/Content/BasicShapes/Cone.uexp" 241
"../../../Engine/Content/EditorResources/S_Terrain.ubulk" 242
"../../../Engine/Content/EditorResources/S_Terrain.uasset" 243
"../../../Engine/Content/EditorResources/S_Terrain.uexp" 244
"../../../Engine/Plugins/Editor/SpeedTreeImporter/Content/SpeedTree9/game_wind_noise.ubulk" 245
"../../../Engine/Plugins/Editor/SpeedTreeImporter/Content/SpeedTree9/game_wind_noise.uasset" 246
"../../../Engine/Plugins/Editor/SpeedTreeImporter/Content/SpeedTree9/game_wind_noise.uexp" 247
"../../../Engine/Plugins/Editor/SpeedTreeImporter/Content/SpeedTree9/UnpackDirection.uasset" 248
"../../../Engine/Plugins/Editor/SpeedTreeImporter/Content/SpeedTree9/UnpackDirection.uexp" 249
"../../../Engine/Content/Functions/Engine_MaterialFunctions02/ObjectLocalBounds.uasset" 250
"../../../Engine/Content/Functions/Engine_MaterialFunctions02/ObjectLocalBounds.uexp" 251
"../../../Engine/Content/Functions/Engine_MaterialFunctions02/Utility/BreakOutFloat3Components.uasset" 252
"../../../Engine/Content/Functions/Engine_MaterialFunctions02/Utility/BreakOutFloat3Components.uexp" 253
"../../../Engine/Content/Functions/Engine_MaterialFunctions02/UVs/BoundingBoxBased_0-1_UVW.uasset" 254
"../../../Engine/Content/Functions/Engine_MaterialFunctions02/UVs/BoundingBoxBased_0-1_UVW.uexp" 255
"../../../Engine/Content/Functions/Engine_MaterialFunctions02/Utility/VectorLength.uasset" 256
"../../../Engine/Content/Functions/Engine_MaterialFunctions02/Utility/VectorLength.uexp" 257
"../../../Engine/Plugins/Editor/SpeedTreeImporter/Content/SpeedTree9/UnpackInteger3.uasset" 258
"../../../Engine/Plugins/Editor/SpeedTreeImporter/Content/SpeedTree9/UnpackInteger3.uexp" 259
"../../../Engine/Plugins/Editor/SpeedTreeImporter/Content/SpeedTree9/SpeedTreeCameraFacing.uasset" 260
"../../../Engine/Plugins/Editor/SpeedTreeImporter/Content/SpeedTree9/SpeedTreeCameraFacing.uexp" 261
"../../../Engine/Content/Functions/Engine_MaterialFunctions02/WorldPositionOffset/ObjectScale.uasset" 262
"../../../Engine/Content/Functions/Engine_MaterialFunctions02/WorldPositionOffset/ObjectScale.uexp" 263
"../../../Engine/Content/Functions/Engine_MaterialFunctions02/SafeNormalize.uasset" 264
"../../../Engine/Content/Functions/Engine_MaterialFunctions02/SafeNormalize.uexp" 265
"../../../Engine/Plugins/Editor/SpeedTreeImporter/Content/SpeedTree9/SpeedTreeWindMotion.uasset" 266
"../../../Engine/Plugins/Editor/SpeedTreeImporter/Content/SpeedTree9/SpeedTreeWindMotion.uexp" 267
"../../../Engine/Plugins/Editor/SpeedTreeImporter/Content/SpeedTree9/SpeedTreeBranchMotion.uasset" 268
"../../../Engine/Plugins/Editor/SpeedTreeImporter/Content/SpeedTree9/SpeedTreeBranchMotion.uexp" 269
"../../../Engine/Plugins/Editor/SpeedTreeImporter/Content/SpeedTree9/SpeedTreeWind.uasset" 270
"../../../Engine/Plugins/Editor/SpeedTreeImporter/Content/SpeedTree9/SpeedTreeWind.uexp" 271
"../../../Engine/Plugins/Editor/SpeedTreeImporter/Content/SpeedTree9/EmptyNormal.uasset" 272
"../../../Engine/Plugins/Editor/SpeedTreeImporter/Content/SpeedTree9/EmptyNormal.uexp" 273
"../../../Engine/Plugins/Editor/SpeedTreeImporter/Content/SpeedTree9/Empty.uasset" 274
"../../../Engine/Plugins/Editor/SpeedTreeImporter/Content/SpeedTree9/Empty.uexp" 275
"../../../Engine/Plugins/Editor/SpeedTreeImporter/Content/SpeedTree9/SpeedTreeMaster.uasset" 276
"../../../Engine/Plugins/Editor/SpeedTreeImporter/Content/SpeedTree9/SpeedTreeMaster.uexp" 277
"../../../Engine/Plugins/Editor/SpeedTreeImporter/Content/SpeedTree9/SpeedTreeBillboard.uasset" 278
"../../../Engine/Plugins/Editor/SpeedTreeImporter/Content/SpeedTree9/SpeedTreeBillboard.uexp" 279
"../../../Engine/Plugins/Editor/SpeedTreeImporter/Content/SpeedTree9/SpeedTreeBillboardMaster.uasset" 280
"../../../Engine/Plugins/Editor/SpeedTreeImporter/Content/SpeedTree9/SpeedTreeBillboardMaster.uexp" 281
"C:/Users/frase/Documents/GitHub/GGJ2024/Content/Font/COUR.uexp" 282
"C:/Users/frase/Documents/GitHub/GGJ2024/Content/Font/COUR.uasset" 283
"C:/Users/frase/Documents/GitHub/GGJ2024/Content/Font/COUR.ufont" 284
"C:/Users/frase/Documents/GitHub/GGJ2024/Content/Font/COUR_Font.uasset" 285
"C:/Users/frase/Documents/GitHub/GGJ2024/Content/Font/COUR_Font.uexp" 286
"C:/Users/frase/Documents/GitHub/GGJ2024/Content/Font/COURI.uexp" 287
"C:/Users/frase/Documents/GitHub/GGJ2024/Content/Font/COURI.uasset" 288
"C:/Users/frase/Documents/GitHub/GGJ2024/Content/Font/COURI.ufont" 289
"C:/Users/frase/Documents/GitHub/GGJ2024/Content/Font/COURI_Font.uasset" 290
"C:/Users/frase/Documents/GitHub/GGJ2024/Content/Font/COURI_Font.uexp" 291
"C:/Users/frase/Documents/GitHub/GGJ2024/Content/Font/COURBI.uexp" 292
"C:/Users/frase/Documents/GitHub/GGJ2024/Content/Font/COURBI.uasset" 293
"C:/Users/frase/Documents/GitHub/GGJ2024/Content/Font/COURBI.ufont" 294
"C:/Users/frase/Documents/GitHub/GGJ2024/Content/Font/COURBI_Font.uasset" 295
"C:/Users/frase/Documents/GitHub/GGJ2024/Content/Font/COURBI_Font.uexp" 296
"../../../Engine/Plugins/Runtime/MeshModelingToolset/Content/Materials/M_DynamicMeshComponentVtxColor.uasset" 297
"../../../Engine/Plugins/Runtime/MeshModelingToolset/Content/Materials/M_DynamicMeshComponentVtxColor.uexp" 298
"C:/Users/frase/Documents/GitHub/GGJ2024/Content/Textures/player_4_ui.ubulk" 299
"C:/Users/frase/Documents/GitHub/GGJ2024/Content/Textures/player_4_ui.uasset" 300
"C:/Users/frase/Documents/GitHub/GGJ2024/Content/Textures/player_4_ui.uexp" 301
"C:/Users/frase/Documents/GitHub/GGJ2024/Content/Textures/player_3_ui.ubulk" 302
"C:/Users/frase/Documents/GitHub/GGJ2024/Content/Textures/player_3_ui.uasset" 303
"C:/Users/frase/Documents/GitHub/GGJ2024/Content/Textures/player_3_ui.uexp" 304
"C:/Users/frase/Documents/GitHub/GGJ2024/Content/Textures/player_2_ui.ubulk" 305
"C:/Users/frase/Documents/GitHub/GGJ2024/Content/Textures/player_2_ui.uasset" 306
"C:/Users/frase/Documents/GitHub/GGJ2024/Content/Textures/player_2_ui.uexp" 307
"C:/Users/frase/Documents/GitHub/GGJ2024/Content/Textures/Player_1_ui.ubulk" 308
"C:/Users/frase/Documents/GitHub/GGJ2024/Content/Textures/Player_1_ui.uasset" 309
"C:/Users/frase/Documents/GitHub/GGJ2024/Content/Textures/Player_1_ui.uexp" 310
"C:/Users/frase/Documents/GitHub/GGJ2024/Content/Widgets/w_ready.uasset" 311
"C:/Users/frase/Documents/GitHub/GGJ2024/Content/Widgets/w_ready.uexp" 312
"C:/Users/frase/Documents/GitHub/GGJ2024/Content/Blueprints/S_Joke.uasset" 313
"C:/Users/frase/Documents/GitHub/GGJ2024/Content/Blueprints/S_Joke.uexp" 314
"C:/Users/frase/Documents/GitHub/GGJ2024/Content/Blueprints/BP_GameInstance.uasset" 315
"C:/Users/frase/Documents/GitHub/GGJ2024/Content/Blueprints/BP_GameInstance.uexp" 316
"C:/Users/frase/Documents/GitHub/GGJ2024/Content/Textures/player_4_ui_with_character.ubulk" 317
"C:/Users/frase/Documents/GitHub/GGJ2024/Content/Textures/player_4_ui_with_character.uasset" 318
"C:/Users/frase/Documents/GitHub/GGJ2024/Content/Textures/player_4_ui_with_character.uexp" 319
"C:/Users/frase/Documents/GitHub/GGJ2024/Content/Textures/player_2_ui_with_character.ubulk" 320
"C:/Users/frase/Documents/GitHub/GGJ2024/Content/Textures/player_2_ui_with_character.uasset" 321
"C:/Users/frase/Documents/GitHub/GGJ2024/Content/Textures/player_2_ui_with_character.uexp" 322
"C:/Users/frase/Documents/GitHub/GGJ2024/Content/Textures/player_1_ui_with_character.ubulk" 323
"C:/Users/frase/Documents/GitHub/GGJ2024/Content/Textures/player_1_ui_with_character.uasset" 324
"C:/Users/frase/Documents/GitHub/GGJ2024/Content/Textures/player_1_ui_with_character.uexp" 325
"C:/Users/frase/Documents/GitHub/GGJ2024/Content/Textures/player3_ui_with_character.ubulk" 326
"C:/Users/frase/Documents/GitHub/GGJ2024/Content/Textures/player3_ui_with_character.uasset" 327
"C:/Users/frase/Documents/GitHub/GGJ2024/Content/Textures/player3_ui_with_character.uexp" 328
"C:/Users/frase/Documents/GitHub/GGJ2024/Content/Textures/Green_tick.uasset" 329
"C:/Users/frase/Documents/GitHub/GGJ2024/Content/Textures/Green_tick.uexp" 330
"../../../Engine/Plugins/Interchange/Runtime/Content/Pipelines/DefaultTexturePipeline.uasset" 331
"../../../Engine/Plugins/Interchange/Runtime/Content/Pipelines/DefaultTexturePipeline.uexp" 332
"../../../Engine/Plugins/Interchange/Runtime/Content/Pipelines/DefaultSceneLevelPipeline.uasset" 333
"../../../Engine/Plugins/Interchange/Runtime/Content/Pipelines/DefaultSceneLevelPipeline.uexp" 334
"../../../Engine/Plugins/Interchange/Runtime/Content/Pipelines/DefaultSceneAssetsPipeline.uasset" 335
"../../../Engine/Plugins/Interchange/Runtime/Content/Pipelines/DefaultSceneAssetsPipeline.uexp" 336
"../../../Engine/Plugins/Interchange/Runtime/Content/Pipelines/DefaultMaterialPipeline.uasset" 337
"../../../Engine/Plugins/Interchange/Runtime/Content/Pipelines/DefaultMaterialPipeline.uexp" 338
"../../../Engine/Plugins/Interchange/Runtime/Content/Pipelines/DefaultAssetsPipeline.uasset" 339
"../../../Engine/Plugins/Interchange/Runtime/Content/Pipelines/DefaultAssetsPipeline.uexp" 340
"../../../Engine/Plugins/Animation/ControlRig/Content/Controls/DefaultGizmoLibraryNormalized.uasset" 341
"../../../Engine/Plugins/Animation/ControlRig/Content/Controls/DefaultGizmoLibraryNormalized.uexp" 342
"../../../Engine/Plugins/Animation/ControlRig/Content/Controls/ControlRig_Wedge_solid.ubulk" 343
"../../../Engine/Plugins/Animation/ControlRig/Content/Controls/ControlRig_Wedge_solid.uasset" 344
"../../../Engine/Plugins/Animation/ControlRig/Content/Controls/ControlRig_Wedge_solid.uexp" 345
"../../../Engine/Plugins/Animation/ControlRig/Content/Controls/ControlRig_Wedge_3mm.ubulk" 346
"../../../Engine/Plugins/Animation/ControlRig/Content/Controls/ControlRig_Wedge_3mm.uasset" 347
"../../../Engine/Plugins/Animation/ControlRig/Content/Controls/ControlRig_Wedge_3mm.uexp" 348
"../../../Engine/Plugins/Animation/ControlRig/Content/Controls/ControlRig_Wedge_1mm.ubulk" 349
"../../../Engine/Plugins/Animation/ControlRig/Content/Controls/ControlRig_Wedge_1mm.uasset" 350
"../../../Engine/Plugins/Animation/ControlRig/Content/Controls/ControlRig_Wedge_1mm.uexp" 351
"../../../Engine/Plugins/Animation/ControlRig/Content/Controls/ControlRig_Triangle_solid.ubulk" 352
"../../../Engine/Plugins/Animation/ControlRig/Content/Controls/ControlRig_Triangle_solid.uasset" 353
"../../../Engine/Plugins/Animation/ControlRig/Content/Controls/ControlRig_Triangle_solid.uexp" 354
"../../../Engine/Plugins/Animation/ControlRig/Content/Controls/ControlRig_Triangle_3mm.ubulk" 355
"../../../Engine/Plugins/Animation/ControlRig/Content/Controls/ControlRig_Triangle_3mm.uasset" 356
"../../../Engine/Plugins/Animation/ControlRig/Content/Controls/ControlRig_Triangle_3mm.uexp" 357
"../../../Engine/Plugins/Animation/ControlRig/Content/Controls/ControlRig_Triangle_1mm.ubulk" 358
"../../../Engine/Plugins/Animation/ControlRig/Content/Controls/ControlRig_Triangle_1mm.uasset" 359
"../../../Engine/Plugins/Animation/ControlRig/Content/Controls/ControlRig_Triangle_1mm.uexp" 360
"../../../Engine/Plugins/Animation/ControlRig/Content/Controls/ControlRig_Star4_solid.ubulk" 361
"../../../Engine/Plugins/Animation/ControlRig/Content/Controls/ControlRig_Star4_solid.uasset" 362
"../../../Engine/Plugins/Animation/ControlRig/Content/Controls/ControlRig_Star4_solid.uexp" 363
"../../../Engine/Plugins/Animation/ControlRig/Content/Controls/ControlRig_Star4_3mm.ubulk" 364
"../../../Engine/Plugins/Animation/ControlRig/Content/Controls/ControlRig_Star4_3mm.uasset" 365
"../../../Engine/Plugins/Animation/ControlRig/Content/Controls/ControlRig_Star4_3mm.uexp" 366
"../../../Engine/Plugins/Animation/ControlRig/Content/Controls/ControlRig_Star4_1mm.ubulk" 367
"../../../Engine/Plugins/Animation/ControlRig/Content/Controls/ControlRig_Star4_1mm.uasset" 368
"../../../Engine/Plugins/Animation/ControlRig/Content/Controls/ControlRig_Star4_1mm.uexp" 369
"../../../Engine/Plugins/Animation/ControlRig/Content/Controls/ControlRig_Square_solid.ubulk" 370
"../../../Engine/Plugins/Animation/ControlRig/Content/Controls/ControlRig_Square_solid.uasset" 371
"../../../Engine/Plugins/Animation/ControlRig/Content/Controls/ControlRig_Square_solid.uexp" 372
"../../../Engine/Plugins/Animation/ControlRig/Content/Controls/ControlRig_Square_3mm.ubulk" 373
"../../../Engine/Plugins/Animation/ControlRig/Content/Controls/ControlRig_Square_3mm.uasset" 374
"../../../Engine/Plugins/Animation/ControlRig/Content/Controls/ControlRig_Square_3mm.uexp" 375
"../../../Engine/Plugins/Animation/ControlRig/Content/Controls/ControlRig_Square_1mm.ubulk" 376
"../../../Engine/Plugins/Animation/ControlRig/Content/Controls/ControlRig_Square_1mm.uasset" 377
"../../../Engine/Plugins/Animation/ControlRig/Content/Controls/ControlRig_Square_1mm.uexp" 378
"../../../Engine/Plugins/Animation/ControlRig/Content/Controls/ControlRig_Sphere_solid.ubulk" 379
"../../../Engine/Plugins/Animation/ControlRig/Content/Controls/ControlRig_Sphere_solid.uasset" 380
"../../../Engine/Plugins/Animation/ControlRig/Content/Controls/ControlRig_Sphere_solid.uexp" 381
"../../../Engine/Plugins/Animation/ControlRig/Content/Controls/ControlRig_Sphere_3mm.ubulk" 382
"../../../Engine/Plugins/Animation/ControlRig/Content/Controls/ControlRig_Sphere_3mm.uasset" 383
"../../../Engine/Plugins/Animation/ControlRig/Content/Controls/ControlRig_Sphere_3mm.uexp" 384
"../../../Engine/Plugins/Animation/ControlRig/Content/Controls/ControlRig_Sphere_1mm.ubulk" 385
"../../../Engine/Plugins/Animation/ControlRig/Content/Controls/ControlRig_Sphere_1mm.uasset" 386
"../../../Engine/Plugins/Animation/ControlRig/Content/Controls/ControlRig_Sphere_1mm.uexp" 387
"../../../Engine/Plugins/Animation/ControlRig/Content/Controls/ControlRig_RoundedTriangle_solid.ubulk" 388
"../../../Engine/Plugins/Animation/ControlRig/Content/Controls/ControlRig_RoundedTriangle_solid.uasset" 389
"../../../Engine/Plugins/Animation/ControlRig/Content/Controls/ControlRig_RoundedTriangle_solid.uexp" 390
"../../../Engine/Plugins/Animation/ControlRig/Content/Controls/ControlRig_RoundedTriangle_3mm.ubulk" 391
"../../../Engine/Plugins/Animation/ControlRig/Content/Controls/ControlRig_RoundedTriangle_3mm.uasset" 392
"../../../Engine/Plugins/Animation/ControlRig/Content/Controls/ControlRig_RoundedTriangle_3mm.uexp" 393
"../../../Engine/Plugins/Animation/ControlRig/Content/Controls/ControlRig_RoundedTriangle_1mm.ubulk" 394
"../../../Engine/Plugins/Animation/ControlRig/Content/Controls/ControlRig_RoundedTriangle_1mm.uasset" 395
"../../../Engine/Plugins/Animation/ControlRig/Content/Controls/ControlRig_RoundedTriangle_1mm.uexp" 396
"../../../Engine/Plugins/Animation/ControlRig/Content/Controls/ControlRig_RoundedSquare_solid.ubulk" 397
"../../../Engine/Plugins/Animation/ControlRig/Content/Controls/ControlRig_RoundedSquare_solid.uasset" 398
"../../../Engine/Plugins/Animation/ControlRig/Content/Controls/ControlRig_RoundedSquare_solid.uexp" 399
"../../../Engine/Plugins/Animation/ControlRig/Content/Controls/ControlRig_RoundedSquare_3mm.ubulk" 400
"../../../Engine/Plugins/Animation/ControlRig/Content/Controls/ControlRig_RoundedSquare_3mm.uasset" 401
"../../../Engine/Plugins/Animation/ControlRig/Content/Controls/ControlRig_RoundedSquare_3mm.uexp" 402
"../../../Engine/Plugins/Animation/ControlRig/Content/Controls/ControlRig_RoundedSquare_1mm.ubulk" 403
"../../../Engine/Plugins/Animation/ControlRig/Content/Controls/ControlRig_RoundedSquare_1mm.uasset" 404
"../../../Engine/Plugins/Animation/ControlRig/Content/Controls/ControlRig_RoundedSquare_1mm.uexp" 405
"../../../Engine/Plugins/Animation/ControlRig/Content/Controls/ControlRig_QuarterCircle_solid.ubulk" 406
"../../../Engine/Plugins/Animation/ControlRig/Content/Controls/ControlRig_QuarterCircle_solid.uasset" 407
"../../../Engine/Plugins/Animation/ControlRig/Content/Controls/ControlRig_QuarterCircle_solid.uexp" 408
"../../../Engine/Plugins/Animation/ControlRig/Content/Controls/ControlRig_QuarterCircle_3mm.ubulk" 409
"../../../Engine/Plugins/Animation/ControlRig/Content/Controls/ControlRig_QuarterCircle_3mm.uasset" 410
"../../../Engine/Plugins/Animation/ControlRig/Content/Controls/ControlRig_QuarterCircle_3mm.uexp" 411
"../../../Engine/Plugins/Animation/ControlRig/Content/Controls/ControlRig_QuarterCircle_1mm.ubulk" 412
"../../../Engine/Plugins/Animation/ControlRig/Content/Controls/ControlRig_QuarterCircle_1mm.uasset" 413
"../../../Engine/Plugins/Animation/ControlRig/Content/Controls/ControlRig_QuarterCircle_1mm.uexp" 414
"../../../Engine/Plugins/Animation/ControlRig/Content/Controls/ControlRig_Pyramid_solid.ubulk" 415
"../../../Engine/Plugins/Animation/ControlRig/Content/Controls/ControlRig_Pyramid_solid.uasset" 416
"../../../Engine/Plugins/Animation/ControlRig/Content/Controls/ControlRig_Pyramid_solid.uexp" 417
"../../../Engine/Plugins/Animation/ControlRig/Content/Controls/ControlRig_Pyramid_3mm.ubulk" 418
"../../../Engine/Plugins/Animation/ControlRig/Content/Controls/ControlRig_Pyramid_3mm.uasset" 419
"../../../Engine/Plugins/Animation/ControlRig/Content/Controls/ControlRig_Pyramid_3mm.uexp" 420
"../../../Engine/Plugins/Animation/ControlRig/Content/Controls/ControlRig_Pyramid_1mm.ubulk" 421
"../../../Engine/Plugins/Animation/ControlRig/Content/Controls/ControlRig_Pyramid_1mm.uasset" 422
"../../../Engine/Plugins/Animation/ControlRig/Content/Controls/ControlRig_Pyramid_1mm.uexp" 423
"../../../Engine/Plugins/Animation/ControlRig/Content/Controls/ControlRig_Octagon_solid.ubulk" 424
"../../../Engine/Plugins/Animation/ControlRig/Content/Controls/ControlRig_Octagon_solid.uasset" 425
"../../../Engine/Plugins/Animation/ControlRig/Content/Controls/ControlRig_Octagon_solid.uexp" 426
"../../../Engine/Plugins/Animation/ControlRig/Content/Controls/ControlRig_Octagon_3mm.ubulk" 427
"../../../Engine/Plugins/Animation/ControlRig/Content/Controls/ControlRig_Octagon_3mm.uasset" 428
"../../../Engine/Plugins/Animation/ControlRig/Content/Controls/ControlRig_Octagon_3mm.uexp" 429
"../../../Engine/Plugins/Animation/ControlRig/Content/Controls/ControlRig_Octagon_1mm.ubulk" 430
"../../../Engine/Plugins/Animation/ControlRig/Content/Controls/ControlRig_Octagon_1mm.uasset" 431
"../../../Engine/Plugins/Animation/ControlRig/Content/Controls/ControlRig_Octagon_1mm.uexp" 432
"../../../Engine/Plugins/Animation/ControlRig/Content/Controls/ControlRig_Hexagon_solid.ubulk" 433
"../../../Engine/Plugins/Animation/ControlRig/Content/Controls/ControlRig_Hexagon_solid.uasset" 434
"../../../Engine/Plugins/Animation/ControlRig/Content/Controls/ControlRig_Hexagon_solid.uexp" 435
"../../../Engine/Plugins/Animation/ControlRig/Content/Controls/ControlRig_Hexagon_3mm.ubulk" 436
"../../../Engine/Plugins/Animation/ControlRig/Content/Controls/ControlRig_Hexagon_3mm.uasset" 437
"../../../Engine/Plugins/Animation/ControlRig/Content/Controls/ControlRig_Hexagon_3mm.uexp" 438
"../../../Engine/Plugins/Animation/ControlRig/Content/Controls/ControlRig_Hexagon_1mm.ubulk" 439
"../../../Engine/Plugins/Animation/ControlRig/Content/Controls/ControlRig_Hexagon_1mm.uasset" 440
"../../../Engine/Plugins/Animation/ControlRig/Content/Controls/ControlRig_Hexagon_1mm.uexp" 441
"../../../Engine/Plugins/Animation/ControlRig/Content/Controls/ControlRig_HalfCircle_solid.ubulk" 442
"../../../Engine/Plugins/Animation/ControlRig/Content/Controls/ControlRig_HalfCircle_solid.uasset" 443
"../../../Engine/Plugins/Animation/ControlRig/Content/Controls/ControlRig_HalfCircle_solid.uexp" 444
"../../../Engine/Plugins/Animation/ControlRig/Content/Controls/ControlRig_HalfCircle_3mm.ubulk" 445
"../../../Engine/Plugins/Animation/ControlRig/Content/Controls/ControlRig_HalfCircle_3mm.uasset" 446
"../../../Engine/Plugins/Animation/ControlRig/Content/Controls/ControlRig_HalfCircle_3mm.uexp" 447
"../../../Engine/Plugins/Animation/ControlRig/Content/Controls/ControlRig_HalfCircle_1mm.ubulk" 448
"../../../Engine/Plugins/Animation/ControlRig/Content/Controls/ControlRig_HalfCircle_1mm.uasset" 449
"../../../Engine/Plugins/Animation/ControlRig/Content/Controls/ControlRig_HalfCircle_1mm.uexp" 450
"../../../Engine/Plugins/Animation/ControlRig/Content/Controls/ControlRig_Diamond_solid.ubulk" 451
"../../../Engine/Plugins/Animation/ControlRig/Content/Controls/ControlRig_Diamond_solid.uasset" 452
"../../../Engine/Plugins/Animation/ControlRig/Content/Controls/ControlRig_Diamond_solid.uexp" 453
"../../../Engine/Plugins/Animation/ControlRig/Content/Controls/ControlRig_Diamond_3mm.ubulk" 454
"../../../Engine/Plugins/Animation/ControlRig/Content/Controls/ControlRig_Diamond_3mm.uasset" 455
"../../../Engine/Plugins/Animation/ControlRig/Content/Controls/ControlRig_Diamond_3mm.uexp" 456
"../../../Engine/Plugins/Animation/ControlRig/Content/Controls/ControlRig_Diamond_1mm.ubulk" 457
"../../../Engine/Plugins/Animation/ControlRig/Content/Controls/ControlRig_Diamond_1mm.uasset" 458
"../../../Engine/Plugins/Animation/ControlRig/Content/Controls/ControlRig_Diamond_1mm.uexp" 459
"../../../Engine/Plugins/Animation/ControlRig/Content/Controls/ControlRig_Circle_solid.ubulk" 460
"../../../Engine/Plugins/Animation/ControlRig/Content/Controls/ControlRig_Circle_solid.uasset" 461
"../../../Engine/Plugins/Animation/ControlRig/Content/Controls/ControlRig_Circle_solid.uexp" 462
"../../../Engine/Plugins/Animation/ControlRig/Content/Controls/ControlRig_Circle_3mm.ubulk" 463
"../../../Engine/Plugins/Animation/ControlRig/Content/Controls/ControlRig_Circle_3mm.uasset" 464
"../../../Engine/Plugins/Animation/ControlRig/Content/Controls/ControlRig_Circle_3mm.uexp" 465
"../../../Engine/Plugins/Animation/ControlRig/Content/Controls/ControlRig_Circle_1mm.ubulk" 466
"../../../Engine/Plugins/Animation/ControlRig/Content/Controls/ControlRig_Circle_1mm.uasset" 467
"../../../Engine/Plugins/Animation/ControlRig/Content/Controls/ControlRig_Circle_1mm.uexp" 468
"../../../Engine/Plugins/Animation/ControlRig/Content/Controls/ControlRig_Box_solid.ubulk" 469
"../../../Engine/Plugins/Animation/ControlRig/Content/Controls/ControlRig_Box_solid.uasset" 470
"../../../Engine/Plugins/Animation/ControlRig/Content/Controls/ControlRig_Box_solid.uexp" 471
"../../../Engine/Plugins/Animation/ControlRig/Content/Controls/ControlRig_Box_3mm.ubulk" 472
"../../../Engine/Plugins/Animation/ControlRig/Content/Controls/ControlRig_Box_3mm.uasset" 473
"../../../Engine/Plugins/Animation/ControlRig/Content/Controls/ControlRig_Box_3mm.uexp" 474
"../../../Engine/Plugins/Animation/ControlRig/Content/Controls/ControlRig_Box_1mm.ubulk" 475
"../../../Engine/Plugins/Animation/ControlRig/Content/Controls/ControlRig_Box_1mm.uasset" 476
"../../../Engine/Plugins/Animation/ControlRig/Content/Controls/ControlRig_Box_1mm.uexp" 477
"../../../Engine/Plugins/Animation/ControlRig/Content/Controls/ControlRig_Arrow_solid.ubulk" 478
"../../../Engine/Plugins/Animation/ControlRig/Content/Controls/ControlRig_Arrow_solid.uasset" 479
"../../../Engine/Plugins/Animation/ControlRig/Content/Controls/ControlRig_Arrow_solid.uexp" 480
"../../../Engine/Plugins/Animation/ControlRig/Content/Controls/ControlRig_Arrow_3mm.ubulk" 481
"../../../Engine/Plugins/Animation/ControlRig/Content/Controls/ControlRig_Arrow_3mm.uasset" 482
"../../../Engine/Plugins/Animation/ControlRig/Content/Controls/ControlRig_Arrow_3mm.uexp" 483
"../../../Engine/Plugins/Animation/ControlRig/Content/Controls/ControlRig_Arrow_1mm.ubulk" 484
"../../../Engine/Plugins/Animation/ControlRig/Content/Controls/ControlRig_Arrow_1mm.uasset" 485
"../../../Engine/Plugins/Animation/ControlRig/Content/Controls/ControlRig_Arrow_1mm.uexp" 486
"../../../Engine/Plugins/Animation/ControlRig/Content/Controls/ControlRig_Arrow4_solid.ubulk" 487
"../../../Engine/Plugins/Animation/ControlRig/Content/Controls/ControlRig_Arrow4_solid.uasset" 488
"../../../Engine/Plugins/Animation/ControlRig/Content/Controls/ControlRig_Arrow4_solid.uexp" 489
"../../../Engine/Plugins/Animation/ControlRig/Content/Controls/ControlRig_Arrow4_3mm.ubulk" 490
"../../../Engine/Plugins/Animation/ControlRig/Content/Controls/ControlRig_Arrow4_3mm.uasset" 491
"../../../Engine/Plugins/Animation/ControlRig/Content/Controls/ControlRig_Arrow4_3mm.uexp" 492
"../../../Engine/Plugins/Animation/ControlRig/Content/Controls/ControlRig_Arrow4_1mm.ubulk" 493
"../../../Engine/Plugins/Animation/ControlRig/Content/Controls/ControlRig_Arrow4_1mm.uasset" 494
"../../../Engine/Plugins/Animation/ControlRig/Content/Controls/ControlRig_Arrow4_1mm.uexp" 495
"../../../Engine/Plugins/Animation/ControlRig/Content/Controls/ControlRig_Arrow2_solid.ubulk" 496
"../../../Engine/Plugins/Animation/ControlRig/Content/Controls/ControlRig_Arrow2_solid.uasset" 497
"../../../Engine/Plugins/Animation/ControlRig/Content/Controls/ControlRig_Arrow2_solid.uexp" 498
"../../../Engine/Plugins/Animation/ControlRig/Content/Controls/ControlRig_Arrow2_3mm.ubulk" 499
"../../../Engine/Plugins/Animation/ControlRig/Content/Controls/ControlRig_Arrow2_3mm.uasset" 500
"../../../Engine/Plugins/Animation/ControlRig/Content/Controls/ControlRig_Arrow2_3mm.uexp" 501
"../../../Engine/Plugins/Animation/ControlRig/Content/Controls/ControlRig_Arrow2_1mm.ubulk" 502
"../../../Engine/Plugins/Animation/ControlRig/Content/Controls/ControlRig_Arrow2_1mm.uasset" 503
"../../../Engine/Plugins/Animation/ControlRig/Content/Controls/ControlRig_Arrow2_1mm.uexp" 504
"../../../Engine/Plugins/Animation/ControlRig/Content/Controls/ControlRigXRayMaterial.uasset" 505
"../../../Engine/Plugins/Animation/ControlRig/Content/Controls/ControlRigXRayMaterial.uexp" 506
"../../../Engine/Plugins/Animation/ControlRig/Content/Controls/ControlRigGizmoMaterial.uasset" 507
"../../../Engine/Plugins/Animation/ControlRig/Content/Controls/ControlRigGizmoMaterial.uexp" 508
"../../../Engine/Content/EngineSounds/Master.uasset" 509
"../../../Engine/Content/EngineSounds/Master.uexp" 510
"../../../Engine/Content/EngineResources/WhiteSquareTexture.uasset" 511
"../../../Engine/Content/EngineResources/WhiteSquareTexture.uexp" 512
"../../../Engine/Content/EngineMaterials/Widget3DPassThrough.uasset" 513
"../../../Engine/Content/EngineMaterials/Widget3DPassThrough.uexp" 514
"../../../Engine/Content/EngineMaterials/Widget3DPassThrough_Translucent.uasset" 515
"../../../Engine/Content/EngineMaterials/Widget3DPassThrough_Translucent.uexp" 516
"../../../Engine/Content/EngineMaterials/Widget3DPassThrough_Translucent_OneSided.uasset" 517
"../../../Engine/Content/EngineMaterials/Widget3DPassThrough_Translucent_OneSided.uexp" 518
"../../../Engine/Content/EngineMaterials/Widget3DPassThrough_Opaque.uasset" 519
"../../../Engine/Content/EngineMaterials/Widget3DPassThrough_Opaque.uexp" 520
"../../../Engine/Content/EngineMaterials/Widget3DPassThrough_Opaque_OneSided.uasset" 521
"../../../Engine/Content/EngineMaterials/Widget3DPassThrough_Opaque_OneSided.uexp" 522
"../../../Engine/Content/EngineMaterials/Widget3DPassThrough_Masked_OneSided.uasset" 523
"../../../Engine/Content/EngineMaterials/Widget3DPassThrough_Masked_OneSided.uexp" 524
"../../../Engine/Content/EngineMaterials/Widget3DPassThrough_Masked.uasset" 525
"../../../Engine/Content/EngineMaterials/Widget3DPassThrough_Masked.uexp" 526
"../../../Engine/Content/EngineMaterials/STBlueNoise_vec2_128x128x64.uasset" 527
"../../../Engine/Content/EngineMaterials/STBlueNoise_vec2_128x128x64.uexp" 528
"../../../Engine/Content/EngineMaterials/STBlueNoise_scalar_128x128x64.uasset" 529
"../../../Engine/Content/EngineMaterials/STBlueNoise_scalar_128x128x64.uexp" 530
"../../../Engine/Content/EngineMaterials/RemoveSurfaceMaterial.uasset" 531
"../../../Engine/Content/EngineMaterials/RemoveSurfaceMaterial.uexp" 532
"../../../Engine/Content/EngineMaterials/DefaultCalibrationGrayscale.uasset" 533
"../../../Engine/Content/EngineMaterials/DefaultCalibrationGrayscale.uexp" 534
"../../../Engine/Content/EngineMaterials/PPM_DefaultCalibrationGrayscale.uasset" 535
"../../../Engine/Content/EngineMaterials/PPM_DefaultCalibrationGrayscale.uexp" 536
"../../../Engine/Content/EngineMaterials/DefaultCalibrationColor.uasset" 537
"../../../Engine/Content/EngineMaterials/DefaultCalibrationColor.uexp" 538
"../../../Engine/Content/EngineMaterials/PPM_DefaultCalibrationColor.uasset" 539
"../../../Engine/Content/EngineMaterials/PPM_DefaultCalibrationColor.uexp" 540
"../../../Engine/Content/EngineMaterials/PhAT_JointLimitMaterial.uasset" 541
"../../../Engine/Content/EngineMaterials/PhAT_JointLimitMaterial.uexp" 542
"../../../Engine/Content/EngineMaterials/NaniteHiddenSectionMaterial.uasset" 543
"../../../Engine/Content/EngineMaterials/NaniteHiddenSectionMaterial.uexp" 544
"../../../Engine/Content/EngineMaterials/InvalidLightmapSettings.ubulk" 545
"../../../Engine/Content/EngineMaterials/InvalidLightmapSettings.uasset" 546
"../../../Engine/Content/EngineMaterials/InvalidLightmapSettings.uexp" 547
"../../../Engine/Content/EngineMaterials/M_InvalidLightmapSettings.uasset" 548
"../../../Engine/Content/EngineMaterials/M_InvalidLightmapSettings.uexp" 549
"../../../Engine/Content/EngineMaterials/GizmoMaterial.uasset" 550
"../../../Engine/Content/EngineMaterials/GizmoMaterial.uexp" 551
"../../../Engine/Content/EngineMaterials/BaseFlattenEmissiveMap_VT.uasset" 552
"../../../Engine/Content/EngineMaterials/BaseFlattenEmissiveMap_VT.uexp" 553
"../../../Engine/Content/EngineMaterials/BaseFlattenGrayscaleMap_VT.uasset" 554
"../../../Engine/Content/EngineMaterials/BaseFlattenGrayscaleMap_VT.uexp" 555
"../../../Engine/Content/EngineMaterials/BaseFlattenLinearColor_VT.uasset" 556
"../../../Engine/Content/EngineMaterials/BaseFlattenLinearColor_VT.uexp" 557
"../../../Engine/Content/EngineMaterials/Black_1x1_EXR_Texture_VT.uasset" 558
"../../../Engine/Content/EngineMaterials/Black_1x1_EXR_Texture_VT.uexp" 559
"../../../Engine/Content/EngineMaterials/BaseFlattenDiffuseMap_VT.uasset" 560
"../../../Engine/Content/EngineMaterials/BaseFlattenDiffuseMap_VT.uexp" 561
"../../../Engine/Content/EngineMaterials/BaseFlattenNormalMap_VT.uasset" 562
"../../../Engine/Content/EngineMaterials/BaseFlattenNormalMap_VT.uexp" 563
"../../../Engine/Content/EngineMaterials/FlattenMaterial_WS_Normal_VT.uasset" 564
"../../../Engine/Content/EngineMaterials/FlattenMaterial_WS_Normal_VT.uexp" 565
"../../../Engine/Content/EngineMaterials/FlattenMaterial_VT.uasset" 566
"../../../Engine/Content/EngineMaterials/FlattenMaterial_VT.uexp" 567
"../../../Engine/Content/EngineMaterials/BaseFlattenNormalMap.uasset" 568
"../../../Engine/Content/EngineMaterials/BaseFlattenNormalMap.uexp" 569
"../../../Engine/Content/EngineMaterials/BaseFlattenGrayscaleMap.uasset" 570
"../../../Engine/Content/EngineMaterials/BaseFlattenGrayscaleMap.uexp" 571
"../../../Engine/Content/EngineMaterials/BaseFlattenDiffuseMap.uasset" 572
"../../../Engine/Content/EngineMaterials/BaseFlattenDiffuseMap.uexp" 573
"../../../Engine/Content/Functions/Engine_MaterialFunctions02/PivotPainter2/Black_1x1_EXR_Texture.uasset" 574
"../../../Engine/Content/Functions/Engine_MaterialFunctions02/PivotPainter2/Black_1x1_EXR_Texture.uexp" 575
"../../../Engine/Content/EngineMaterials/BaseFlattenEmissiveMap.uasset" 576
"../../../Engine/Content/EngineMaterials/BaseFlattenEmissiveMap.uexp" 577
"../../../Engine/Content/EngineMaterials/BaseFlattenLinearColor.uasset" 578
"../../../Engine/Content/EngineMaterials/BaseFlattenLinearColor.uexp" 579
"../../../Engine/Content/EngineMaterials/FlattenMaterial.uasset" 580
"../../../Engine/Content/EngineMaterials/FlattenMaterial.uexp" 581
"../../../Engine/Content/EngineMaterials/DefaultWhiteGrid_Low.uasset" 582
"../../../Engine/Content/EngineMaterials/DefaultWhiteGrid_Low.uexp" 583
"../../../Engine/Content/EngineMaterials/EmissiveMeshMaterial.uasset" 584
"../../../Engine/Content/EngineMaterials/EmissiveMeshMaterial.uexp" 585
"../../../Engine/Content/EngineFonts/RobotoDistanceField.uasset" 586
"../../../Engine/Content/EngineFonts/RobotoDistanceField.uexp" 587
"../../../Engine/Content/EngineMaterials/DefaultTextMaterialOpaque.uasset" 588
"../../../Engine/Content/EngineMaterials/DefaultTextMaterialOpaque.uexp" 589
"../../../Engine/Content/EngineMaterials/DefaultDiffuse.ubulk" 590
"../../../Engine/Content/EngineMaterials/DefaultDiffuse.uasset" 591
"../../../Engine/Content/EngineMaterials/DefaultDiffuse.uexp" 592
"../../../Engine/Content/Functions/Engine_MaterialFunctions02/Utility/BreakOutFloat2Components.uasset" 593
"../../../Engine/Content/Functions/Engine_MaterialFunctions02/Utility/BreakOutFloat2Components.uexp" 594
"../../../Engine/Content/EngineMaterials/DefaultPostProcessMaterial.uasset" 595
"../../../Engine/Content/EngineMaterials/DefaultPostProcessMaterial.uexp" 596
"../../../Engine/Content/EngineMaterials/DefaultPhysicalMaterial.uasset" 597
"../../../Engine/Content/EngineMaterials/DefaultPhysicalMaterial.uexp" 598
"../../../Engine/Content/EngineMaterials/DefaultLightFunctionMaterial.uasset" 599
"../../../Engine/Content/EngineMaterials/DefaultLightFunctionMaterial.uexp" 600
"../../../Engine/Content/EngineMaterials/DefaultDestructiblePhysicalMaterial.uasset" 601
"../../../Engine/Content/EngineMaterials/DefaultDestructiblePhysicalMaterial.uexp" 602
"../../../Engine/Content/EngineMaterials/DefaultDeferredDecalMaterial.uasset" 603
"../../../Engine/Content/EngineMaterials/DefaultDeferredDecalMaterial.uexp" 604
"../../../Engine/Content/EngineMaterials/DefaultBloomKernel.uasset" 605
"../../../Engine/Content/EngineMaterials/DefaultBloomKernel.uexp" 606
"../../../Engine/Content/EngineFonts/Faces/RobotoLight.uexp" 607
"../../../Engine/Content/EngineFonts/Faces/RobotoLight.uasset" 608
"../../../Engine/Content/EngineFonts/Faces/RobotoLight.ufont" 609
"../../../Engine/Content/EngineFonts/Faces/RobotoBold.uexp" 610
"../../../Engine/Content/EngineFonts/Faces/RobotoBold.uasset" 611
"../../../Engine/Content/EngineFonts/Faces/RobotoBold.ufont" 612
"../../../Engine/Content/EngineFonts/Faces/RobotoRegular.uexp" 613
"../../../Engine/Content/EngineFonts/Faces/RobotoRegular.uasset" 614
"../../../Engine/Content/EngineFonts/Faces/RobotoRegular.ufont" 615
"../../../Engine/Content/EngineFonts/Faces/DroidSansFallback.uexp" 616
"../../../Engine/Content/EngineFonts/Faces/DroidSansFallback.uasset" 617
"../../../Engine/Content/EngineFonts/Faces/DroidSansFallback.ufont" 618
"../../../Engine/Content/EngineFonts/Faces/RobotoItalic.uexp" 619
"../../../Engine/Content/EngineFonts/Faces/RobotoItalic.uasset" 620
"../../../Engine/Content/EngineFonts/Faces/RobotoItalic.ufont" 621
"../../../Engine/Content/EngineFonts/Faces/RobotoBoldItalic.uexp" 622
"../../../Engine/Content/EngineFonts/Faces/RobotoBoldItalic.uasset" 623
"../../../Engine/Content/EngineFonts/Faces/RobotoBoldItalic.ufont" 624
"../../../Engine/Content/EngineFonts/Roboto.uasset" 625
"../../../Engine/Content/EngineFonts/Roboto.uexp" 626
"../../../Engine/Content/Functions/Engine_MaterialFunctions02/Utility/CameraDirectionVector.uasset" 627
"../../../Engine/Content/Functions/Engine_MaterialFunctions02/Utility/CameraDirectionVector.uexp" 628
"../../../Engine/Content/EngineDebugMaterials/VolumeToRender.uasset" 629
"../../../Engine/Content/EngineDebugMaterials/VolumeToRender.uexp" 630
"../../../Engine/Content/EngineDebugMaterials/M_VolumeRenderSphereTracePP.uasset" 631
"../../../Engine/Content/EngineDebugMaterials/M_VolumeRenderSphereTracePP.uexp" 632
"../../../Engine/Content/EngineDebugMaterials/M_SimpleUnlitTranslucent.uasset" 633
"../../../Engine/Content/EngineDebugMaterials/M_SimpleUnlitTranslucent.uexp" 634
"../../../Engine/Content/EngineDebugMaterials/DebugMeshMaterial.uasset" 635
"../../../Engine/Content/EngineDebugMaterials/DebugMeshMaterial.uexp" 636
"../../../Engine/Content/EngineDebugMaterials/DebugEditorMaterial.uasset" 637
"../../../Engine/Content/EngineDebugMaterials/DebugEditorMaterial.uexp" 638
"../../../Engine/Content/EngineDamageTypes/DmgTypeBP_Environmental.uasset" 639
"../../../Engine/Content/EngineDamageTypes/DmgTypeBP_Environmental.uexp" 640
"../../../Engine/Content/EditorResources/EmptyActor.uasset" 641
"../../../Engine/Content/EditorResources/EmptyActor.uexp" 642
"../../../Engine/Content/EditorResources/BSPVertex.uasset" 643
"../../../Engine/Content/EditorResources/BSPVertex.uexp" 644
"../../../Engine/Content/EditorMaterials/PreviewShadowIndicator.ubulk" 645
"../../../Engine/Content/EditorMaterials/PreviewShadowIndicator.uasset" 646
"../../../Engine/Content/EditorMaterials/PreviewShadowIndicator.uexp" 647
"../../../Engine/Content/EditorMaterials/PreviewShadowIndicatorMaterial.uasset" 648
"../../../Engine/Content/EditorMaterials/PreviewShadowIndicatorMaterial.uexp" 649
"../../../Engine/Content/EditorMaterials/PhAT_UnselectedMaterial.uasset" 650
"../../../Engine/Content/EditorMaterials/PhAT_UnselectedMaterial.uexp" 651
"../../../Engine/Content/EditorMaterials/PhAT_NoCollisionMaterial.uasset" 652
"../../../Engine/Content/EditorMaterials/PhAT_NoCollisionMaterial.uexp" 653
"../../../Engine/Content/EditorLandscapeResources/DefaultAlphaTexture.uasset" 654
"../../../Engine/Content/EditorLandscapeResources/DefaultAlphaTexture.uexp" 655
"../../../Engine/Content/EditorLandscapeResources/DataLayer.uasset" 656
"../../../Engine/Content/EditorLandscapeResources/DataLayer.uexp" 657
"../../../Engine/Content/EditorResources/SequenceRecorder/RecordingIndicator.uasset" 658
"../../../Engine/Content/EditorResources/SequenceRecorder/RecordingIndicator.uexp" 659
"../../../Engine/Content/EditorResources/SequenceRecorder/Countdown.uasset" 660
"../../../Engine/Content/EditorResources/SequenceRecorder/Countdown.uexp" 661
"../../../Engine/Content/MobileResources/HUD/VirtualJoystick_Background.uasset" 662
"../../../Engine/Content/MobileResources/HUD/VirtualJoystick_Background.uexp" 663
"../../../Engine/Content/MobileResources/HUD/VirtualJoystick_Thumb.uasset" 664
"../../../Engine/Content/MobileResources/HUD/VirtualJoystick_Thumb.uexp" 665
"../../../Engine/Content/MobileResources/HUD/DefaultVirtualJoysticks.uasset" 666
"../../../Engine/Content/MobileResources/HUD/DefaultVirtualJoysticks.uexp" 667
"../../../Engine/Content/EngineSky/VolumetricClouds/CloudWeatherTexture.uasset" 668
"../../../Engine/Content/EngineSky/VolumetricClouds/CloudWeatherTexture.uexp" 669
"../../../Engine/Content/Functions/Engine_MaterialFunctions02/Utility/MakeFloat2.uasset" 670
"../../../Engine/Content/Functions/Engine_MaterialFunctions02/Utility/MakeFloat2.uexp" 671
"../../../Engine/Content/EngineSky/VolumetricClouds/CloudGradientTexture.uasset" 672
"../../../Engine/Content/EngineSky/VolumetricClouds/CloudGradientTexture.uexp" 673
"../../../Engine/Content/EngineSky/VolumetricClouds/T_NoiseShape64.ubulk" 674
"../../../Engine/Content/EngineSky/VolumetricClouds/T_NoiseShape64.uasset" 675
"../../../Engine/Content/EngineSky/VolumetricClouds/T_NoiseShape64.uexp" 676
"../../../Engine/Content/EngineSky/VolumetricClouds/T_VolumeNoiseShape64.uasset" 677
"../../../Engine/Content/EngineSky/VolumetricClouds/T_VolumeNoiseShape64.uexp" 678
"../../../Engine/Content/EngineSky/VolumetricClouds/T_NoiseErosion.ubulk" 679
"../../../Engine/Content/EngineSky/VolumetricClouds/T_NoiseErosion.uasset" 680
"../../../Engine/Content/EngineSky/VolumetricClouds/T_NoiseErosion.uexp" 681
"../../../Engine/Content/EngineSky/VolumetricClouds/T_VolumeNoiseErosion32.uasset" 682
"../../../Engine/Content/EngineSky/VolumetricClouds/T_VolumeNoiseErosion32.uexp" 683
"../../../Engine/Content/EngineSky/VolumetricClouds/m_SimpleVolumetricCloud.uasset" 684
"../../../Engine/Content/EngineSky/VolumetricClouds/m_SimpleVolumetricCloud.uexp" 685
"../../../Engine/Content/EngineSky/VolumetricClouds/m_SimpleVolumetricCloud_Inst.uasset" 686
"../../../Engine/Content/EngineSky/VolumetricClouds/m_SimpleVolumetricCloud_Inst.uexp" 687
"../../../Engine/Content/EngineResources/FilmGrains/Marcie_Grain_v3_128_M2_000.uasset" 688
"../../../Engine/Content/EngineResources/FilmGrains/Marcie_Grain_v3_128_M2_000.uexp" 689
"../../../Engine/Content/Functions/Engine_MaterialFunctions01/Shading/PowerToRoughness.uasset" 690
"../../../Engine/Content/Functions/Engine_MaterialFunctions01/Shading/PowerToRoughness.uexp" 691
"../../../Engine/Content/Functions/Engine_MaterialFunctions01/Shading/ConvertFromDiffSpec.uasset" 692
"../../../Engine/Content/Functions/Engine_MaterialFunctions01/Shading/ConvertFromDiffSpec.uexp" 693
"../../../Engine/Content/Maps/Entry_BuiltData.uasset" 694
"../../../Engine/Content/Maps/Entry_BuiltData.uexp" 695
"../../../Engine/Content/Maps/Entry.uexp" 696
"../../../Engine/Content/Maps/Entry.umap" 697
"../../../Engine/Content/BasicShapes/Cube.ubulk" 698
"../../../Engine/Content/BasicShapes/Cube.uasset" 699
"../../../Engine/Content/BasicShapes/Cube.uexp" 700
"../../../Engine/Content/BasicShapes/BasicShapeMaterial.uasset" 701
"../../../Engine/Content/BasicShapes/BasicShapeMaterial.uexp" 702
"C:/Users/frase/Documents/GitHub/GGJ2024/Content/Blueprints/BP_Item.uasset" 703
"C:/Users/frase/Documents/GitHub/GGJ2024/Content/Blueprints/BP_Item.uexp" 704
"../../../Engine/Content/EngineMaterials/BlendFunc_DefBlend.uasset" 705
"../../../Engine/Content/EngineMaterials/BlendFunc_DefBlend.uexp" 706
"../../../Engine/Content/EngineMaterials/BlendFunc_DefBase.uasset" 707
"../../../Engine/Content/EngineMaterials/BlendFunc_DefBase.uexp" 708
"../../../Engine/Content/Functions/Engine_MaterialFunctions03/Blends/Blend_Overlay.uasset" 709
"../../../Engine/Content/Functions/Engine_MaterialFunctions03/Blends/Blend_Overlay.uexp" 710
"../../../Engine/Content/OpenWorldTemplate/LandscapeMaterial/T_GridChecker_A.ubulk" 711
"../../../Engine/Content/OpenWorldTemplate/LandscapeMaterial/T_GridChecker_A.uasset" 712
"../../../Engine/Content/OpenWorldTemplate/LandscapeMaterial/T_GridChecker_A.uexp" 713
"../../../Engine/Content/Functions/Engine_MaterialFunctions02/Utility/MakeFloat3.uasset" 714
"../../../Engine/Content/Functions/Engine_MaterialFunctions02/Utility/MakeFloat3.uexp" 715
"../../../Engine/Content/Functions/Engine_MaterialFunctions01/Gradient/LinearGradient.uasset" 716
"../../../Engine/Content/Functions/Engine_MaterialFunctions01/Gradient/LinearGradient.uexp" 717
"../../../Engine/Content/Functions/Engine_MaterialFunctions01/ImageAdjustment/CheapContrast.uasset" 718
"../../../Engine/Content/Functions/Engine_MaterialFunctions01/ImageAdjustment/CheapContrast.uexp" 719
"../../../Engine/Content/OpenWorldTemplate/LandscapeMaterial/MF_ProcGrid.uasset" 720
"../../../Engine/Content/OpenWorldTemplate/LandscapeMaterial/MF_ProcGrid.uexp" 721
"../../../Engine/Content/OpenWorldTemplate/LandscapeMaterial/M_ProcGrid.uasset" 722
"../../../Engine/Content/OpenWorldTemplate/LandscapeMaterial/M_ProcGrid.uexp" 723
"../../../Engine/Content/OpenWorldTemplate/LandscapeMaterial/MI_ProcGrid.uasset" 724
"../../../Engine/Content/OpenWorldTemplate/LandscapeMaterial/MI_ProcGrid.uexp" 725
"../../../Engine/Content/BasicShapes/Sphere.ubulk" 726
"../../../Engine/Content/BasicShapes/Sphere.uasset" 727
"../../../Engine/Content/BasicShapes/Sphere.uexp" 728
"C:/Users/frase/Documents/GitHub/GGJ2024/Content/Blueprints/BP_Cart.uasset" 729
"C:/Users/frase/Documents/GitHub/GGJ2024/Content/Blueprints/BP_Cart.uexp" 730
"../../../Engine/Content/EngineSky/T_Sky_Stars.ubulk" 731
"../../../Engine/Content/EngineSky/T_Sky_Stars.uasset" 732
"../../../Engine/Content/EngineSky/T_Sky_Stars.uexp" 733
"../../../Engine/Content/EngineSky/T_Sky_Clouds_M.ubulk" 734
"../../../Engine/Content/EngineSky/T_Sky_Clouds_M.uasset" 735
"../../../Engine/Content/EngineSky/T_Sky_Clouds_M.uexp" 736
"../../../Engine/Content/EngineSky/T_Sky_Blue.ubulk" 737
"../../../Engine/Content/EngineSky/T_Sky_Blue.uasset" 738
"../../../Engine/Content/EngineSky/T_Sky_Blue.uexp" 739
"../../../Engine/Content/EngineSky/M_Sky_Panning_Clouds2.uasset" 740
"../../../Engine/Content/EngineSky/M_Sky_Panning_Clouds2.uexp" 741
"../../../Engine/Content/EngineSky/SM_SkySphere.ubulk" 742
"../../../Engine/Content/EngineSky/SM_SkySphere.uasset" 743
"../../../Engine/Content/EngineSky/SM_SkySphere.uexp" 744
"../../../Engine/Content/MapTemplates/SM_Template_Map_Floor.ubulk" 745
"../../../Engine/Content/MapTemplates/SM_Template_Map_Floor.uasset" 746
"../../../Engine/Content/MapTemplates/SM_Template_Map_Floor.uexp" 747
"C:/Users/frase/Documents/GitHub/GGJ2024/Content/Blueprints/BP_Camera.uasset" 748
"C:/Users/frase/Documents/GitHub/GGJ2024/Content/Blueprints/BP_Camera.uexp" 749
"../../../Engine/Content/EngineSky/M_SimpleSkyDome.uasset" 750
"../../../Engine/Content/EngineSky/M_SimpleSkyDome.uexp" 751
"C:/Users/frase/Documents/GitHub/GGJ2024/Content/Levels/TestCS.uexp" 752
"C:/Users/frase/Documents/GitHub/GGJ2024/Content/Levels/TestCS.umap" 753
"C:/Users/frase/Documents/GitHub/GGJ2024/Content/Inputs/IA_MenuY.uasset" 754
"C:/Users/frase/Documents/GitHub/GGJ2024/Content/Inputs/IA_MenuY.uexp" 755
"C:/Users/frase/Documents/GitHub/GGJ2024/Content/Inputs/IA_Select.uasset" 756
"C:/Users/frase/Documents/GitHub/GGJ2024/Content/Inputs/IA_Select.uexp" 757
"C:/Users/frase/Documents/GitHub/GGJ2024/Content/Widgets/w_p4Vote.uasset" 758
"C:/Users/frase/Documents/GitHub/GGJ2024/Content/Widgets/w_p4Vote.uexp" 759
"C:/Users/frase/Documents/GitHub/GGJ2024/Content/Widgets/w_p2Vote.uasset" 760
"C:/Users/frase/Documents/GitHub/GGJ2024/Content/Widgets/w_p2Vote.uexp" 761
"C:/Users/frase/Documents/GitHub/GGJ2024/Content/Inputs/IA_MenuX.uasset" 762
"C:/Users/frase/Documents/GitHub/GGJ2024/Content/Inputs/IA_MenuX.uexp" 763
"C:/Users/frase/Documents/GitHub/GGJ2024/Content/Inputs/IMC_Menus.uasset" 764
"C:/Users/frase/Documents/GitHub/GGJ2024/Content/Inputs/IMC_Menus.uexp" 765
"C:/Users/frase/Documents/GitHub/GGJ2024/Content/Widgets/w_p1Vote.uasset" 766
"C:/Users/frase/Documents/GitHub/GGJ2024/Content/Widgets/w_p1Vote.uexp" 767
"C:/Users/frase/Documents/GitHub/GGJ2024/Content/Font/COURBD.uexp" 768
"C:/Users/frase/Documents/GitHub/GGJ2024/Content/Font/COURBD.uasset" 769
"C:/Users/frase/Documents/GitHub/GGJ2024/Content/Font/COURBD.ufont" 770
"C:/Users/frase/Documents/GitHub/GGJ2024/Content/Font/COURBD_Font.uasset" 771
"C:/Users/frase/Documents/GitHub/GGJ2024/Content/Font/COURBD_Font.uexp" 772
"C:/Users/frase/Documents/GitHub/GGJ2024/Content/Widgets/W_JokeVote.uasset" 773
"C:/Users/frase/Documents/GitHub/GGJ2024/Content/Widgets/W_JokeVote.uexp" 774
"C:/Users/frase/Documents/GitHub/GGJ2024/Content/Widgets/w_p3Vote.uasset" 775
"C:/Users/frase/Documents/GitHub/GGJ2024/Content/Widgets/w_p3Vote.uexp" 776
"C:/Users/frase/Documents/GitHub/GGJ2024/Content/Levels/JokeVote.uexp" 777
"C:/Users/frase/Documents/GitHub/GGJ2024/Content/Levels/JokeVote.umap" 778
"C:/Users/frase/Documents/GitHub/GGJ2024/Content/Widgets/W_JokeConstruction.uasset" 779
"C:/Users/frase/Documents/GitHub/GGJ2024/Content/Widgets/W_JokeConstruction.uexp" 780
"C:/Users/frase/Documents/GitHub/GGJ2024/Content/Widgets/ListViewData.uasset" 781
"C:/Users/frase/Documents/GitHub/GGJ2024/Content/Widgets/ListViewData.uexp" 782
"C:/Users/frase/Documents/GitHub/GGJ2024/Content/Widgets/BP_ListViewDataEntry.uasset" 783
"C:/Users/frase/Documents/GitHub/GGJ2024/Content/Widgets/BP_ListViewDataEntry.uexp" 784
"C:/Users/frase/Documents/GitHub/GGJ2024/Content/Widgets/EntryWidget.uasset" 785
"C:/Users/frase/Documents/GitHub/GGJ2024/Content/Widgets/EntryWidget.uexp" 786
"C:/Users/frase/Documents/GitHub/GGJ2024/Content/Widgets/W_Player2Words.uasset" 787
"C:/Users/frase/Documents/GitHub/GGJ2024/Content/Widgets/W_Player2Words.uexp" 788
"C:/Users/frase/Documents/GitHub/GGJ2024/Content/Widgets/W_Player1Words.uasset" 789
"C:/Users/frase/Documents/GitHub/GGJ2024/Content/Widgets/W_Player1Words.uexp" 790
"C:/Users/frase/Documents/GitHub/GGJ2024/Content/Widgets/W_Player3Words.uasset" 791
"C:/Users/frase/Documents/GitHub/GGJ2024/Content/Widgets/W_Player3Words.uexp" 792
"C:/Users/frase/Documents/GitHub/GGJ2024/Content/Widgets/W_Player4Words.uasset" 793
"C:/Users/frase/Documents/GitHub/GGJ2024/Content/Widgets/W_Player4Words.uexp" 794
"C:/Users/frase/Documents/GitHub/GGJ2024/Content/Levels/JokeConstruction.uexp" 795
"C:/Users/frase/Documents/GitHub/GGJ2024/Content/Levels/JokeConstruction.umap" 796
"../../../Engine/Content/OpenWorldTemplate/HLOD/HLOD0_Instancing.uasset" 797
"../../../Engine/Content/OpenWorldTemplate/HLOD/HLOD0_Instancing.uexp" 798
"../../../Engine/Content/Maps/Templates/OpenWorld.uexp" 799
"../../../Engine/Content/Maps/Templates/OpenWorld.ubulk" 800
"../../../Engine/Content/Maps/Templates/OpenWorld.umap" 801
"../../../Engine/Content/Maps/Templates/OpenWorld/_Generated_/OpenWorld_MainGrid_L0_X-3_Y2.uexp" 802
"../../../Engine/Content/Maps/Templates/OpenWorld/_Generated_/OpenWorld_MainGrid_L0_X-3_Y2.ubulk" 803
"../../../Engine/Content/Maps/Templates/OpenWorld/_Generated_/OpenWorld_MainGrid_L0_X-3_Y2.umap" 804
"../../../Engine/Content/Maps/Templates/OpenWorld/_Generated_/OpenWorld_MainGrid_L0_X1_Y-3.uexp" 805
"../../../Engine/Content/Maps/Templates/OpenWorld/_Generated_/OpenWorld_MainGrid_L0_X1_Y-3.ubulk" 806
"../../../Engine/Content/Maps/Templates/OpenWorld/_Generated_/OpenWorld_MainGrid_L0_X1_Y-3.umap" 807
"../../../Engine/Content/Maps/Templates/OpenWorld/_Generated_/OpenWorld_MainGrid_L0_X-3_Y-1.uexp" 808
"../../../Engine/Content/Maps/Templates/OpenWorld/_Generated_/OpenWorld_MainGrid_L0_X-3_Y-1.ubulk" 809
"../../../Engine/Content/Maps/Templates/OpenWorld/_Generated_/OpenWorld_MainGrid_L0_X-3_Y-1.umap" 810
"../../../Engine/Content/Maps/Templates/OpenWorld/_Generated_/OpenWorld_MainGrid_L0_X3_Y-2.uexp" 811
"../../../Engine/Content/Maps/Templates/OpenWorld/_Generated_/OpenWorld_MainGrid_L0_X3_Y-2.ubulk" 812
"../../../Engine/Content/Maps/Templates/OpenWorld/_Generated_/OpenWorld_MainGrid_L0_X3_Y-2.umap" 813
"../../../Engine/Content/Maps/Templates/OpenWorld/_Generated_/OpenWorld_MainGrid_L0_X-3_Y0.uexp" 814
"../../../Engine/Content/Maps/Templates/OpenWorld/_Generated_/OpenWorld_MainGrid_L0_X-3_Y0.ubulk" 815
"../../../Engine/Content/Maps/Templates/OpenWorld/_Generated_/OpenWorld_MainGrid_L0_X-3_Y0.umap" 816
"../../../Engine/Content/Maps/Templates/OpenWorld/_Generated_/OpenWorld_MainGrid_L0_X-2_Y-3.uexp" 817
"../../../Engine/Content/Maps/Templates/OpenWorld/_Generated_/OpenWorld_MainGrid_L0_X-2_Y-3.ubulk" 818
"../../../Engine/Content/Maps/Templates/OpenWorld/_Generated_/OpenWorld_MainGrid_L0_X-2_Y-3.umap" 819
"../../../Engine/Content/Maps/Templates/OpenWorld/_Generated_/OpenWorld_MainGrid_L0_X0_Y-2.uexp" 820
"../../../Engine/Content/Maps/Templates/OpenWorld/_Generated_/OpenWorld_MainGrid_L0_X0_Y-2.ubulk" 821
"../../../Engine/Content/Maps/Templates/OpenWorld/_Generated_/OpenWorld_MainGrid_L0_X0_Y-2.umap" 822
"../../../Engine/Content/Maps/Templates/OpenWorld/_Generated_/OpenWorld_MainGrid_L0_X2_Y1.uexp" 823
"../../../Engine/Content/Maps/Templates/OpenWorld/_Generated_/OpenWorld_MainGrid_L0_X2_Y1.ubulk" 824
"../../../Engine/Content/Maps/Templates/OpenWorld/_Generated_/OpenWorld_MainGrid_L0_X2_Y1.umap" 825
"../../../Engine/Content/Maps/Templates/OpenWorld/_Generated_/OpenWorld_MainGrid_L0_X1_Y0.uexp" 826
"../../../Engine/Content/Maps/Templates/OpenWorld/_Generated_/OpenWorld_MainGrid_L0_X1_Y0.ubulk" 827
"../../../Engine/Content/Maps/Templates/OpenWorld/_Generated_/OpenWorld_MainGrid_L0_X1_Y0.umap" 828
"../../../Engine/Content/Maps/Templates/OpenWorld/_Generated_/OpenWorld_MainGrid_L0_X0_Y-4.uexp" 829
"../../../Engine/Content/Maps/Templates/OpenWorld/_Generated_/OpenWorld_MainGrid_L0_X0_Y-4.ubulk" 830
"../../../Engine/Content/Maps/Templates/OpenWorld/_Generated_/OpenWorld_MainGrid_L0_X0_Y-4.umap" 831
"../../../Engine/Content/Maps/Templates/OpenWorld/_Generated_/OpenWorld_MainGrid_L0_X1_Y2.uexp" 832
"../../../Engine/Content/Maps/Templates/OpenWorld/_Generated_/OpenWorld_MainGrid_L0_X1_Y2.ubulk" 833
"../../../Engine/Content/Maps/Templates/OpenWorld/_Generated_/OpenWorld_MainGrid_L0_X1_Y2.umap" 834
"../../../Engine/Content/Maps/Templates/OpenWorld/_Generated_/OpenWorld_MainGrid_L0_X3_Y1.uexp" 835
"../../../Engine/Content/Maps/Templates/OpenWorld/_Generated_/OpenWorld_MainGrid_L0_X3_Y1.ubulk" 836
"../../../Engine/Content/Maps/Templates/OpenWorld/_Generated_/OpenWorld_MainGrid_L0_X3_Y1.umap" 837
"../../../Engine/Content/Maps/Templates/OpenWorld/_Generated_/OpenWorld_MainGrid_L0_X1_Y1.uexp" 838
"../../../Engine/Content/Maps/Templates/OpenWorld/_Generated_/OpenWorld_MainGrid_L0_X1_Y1.ubulk" 839
"../../../Engine/Content/Maps/Templates/OpenWorld/_Generated_/OpenWorld_MainGrid_L0_X1_Y1.umap" 840
"../../../Engine/Content/Maps/Templates/OpenWorld/_Generated_/OpenWorld_MainGrid_L0_X-3_Y-2.uexp" 841
"../../../Engine/Content/Maps/Templates/OpenWorld/_Generated_/OpenWorld_MainGrid_L0_X-3_Y-2.ubulk" 842
"../../../Engine/Content/Maps/Templates/OpenWorld/_Generated_/OpenWorld_MainGrid_L0_X-3_Y-2.umap" 843
"../../../Engine/Content/Maps/Templates/OpenWorld/_Generated_/OpenWorld_MainGrid_L0_X-3_Y3.uexp" 844
"../../../Engine/Content/Maps/Templates/OpenWorld/_Generated_/OpenWorld_MainGrid_L0_X-3_Y3.ubulk" 845
"../../../Engine/Content/Maps/Templates/OpenWorld/_Generated_/OpenWorld_MainGrid_L0_X-3_Y3.umap" 846
"../../../Engine/Content/Maps/Templates/OpenWorld/_Generated_/OpenWorld_MainGrid_L0_X3_Y3.uexp" 847
"../../../Engine/Content/Maps/Templates/OpenWorld/_Generated_/OpenWorld_MainGrid_L0_X3_Y3.ubulk" 848
"../../../Engine/Content/Maps/Templates/OpenWorld/_Generated_/OpenWorld_MainGrid_L0_X3_Y3.umap" 849
"../../../Engine/Content/Maps/Templates/OpenWorld/_Generated_/OpenWorld_MainGrid_L0_X0_Y0.uexp" 850
"../../../Engine/Content/Maps/Templates/OpenWorld/_Generated_/OpenWorld_MainGrid_L0_X0_Y0.ubulk" 851
"../../../Engine/Content/Maps/Templates/OpenWorld/_Generated_/OpenWorld_MainGrid_L0_X0_Y0.umap" 852
"../../../Engine/Content/Maps/Templates/OpenWorld/_Generated_/OpenWorld_MainGrid_L0_X-4_Y3.uexp" 853
"../../../Engine/Content/Maps/Templates/OpenWorld/_Generated_/OpenWorld_MainGrid_L0_X-4_Y3.ubulk" 854
"../../../Engine/Content/Maps/Templates/OpenWorld/_Generated_/OpenWorld_MainGrid_L0_X-4_Y3.umap" 855
"../../../Engine/Content/Maps/Templates/OpenWorld/_Generated_/OpenWorld_MainGrid_L0_X-4_Y-3.uexp" 856
"../../../Engine/Content/Maps/Templates/OpenWorld/_Generated_/OpenWorld_MainGrid_L0_X-4_Y-3.ubulk" 857
"../../../Engine/Content/Maps/Templates/OpenWorld/_Generated_/OpenWorld_MainGrid_L0_X-4_Y-3.umap" 858
"../../../Engine/Content/Maps/Templates/OpenWorld/_Generated_/OpenWorld_MainGrid_L0_X-2_Y2.uexp" 859
"../../../Engine/Content/Maps/Templates/OpenWorld/_Generated_/OpenWorld_MainGrid_L0_X-2_Y2.ubulk" 860
"../../../Engine/Content/Maps/Templates/OpenWorld/_Generated_/OpenWorld_MainGrid_L0_X-2_Y2.umap" 861
"../../../Engine/Content/Maps/Templates/OpenWorld/_Generated_/OpenWorld_MainGrid_L0_X-1_Y-1.uexp" 862
"../../../Engine/Content/Maps/Templates/OpenWorld/_Generated_/OpenWorld_MainGrid_L0_X-1_Y-1.ubulk" 863
"../../../Engine/Content/Maps/Templates/OpenWorld/_Generated_/OpenWorld_MainGrid_L0_X-1_Y-1.umap" 864
"../../../Engine/Content/Maps/Templates/OpenWorld/_Generated_/OpenWorld_MainGrid_L0_X0_Y-3.uexp" 865
"../../../Engine/Content/Maps/Templates/OpenWorld/_Generated_/OpenWorld_MainGrid_L0_X0_Y-3.ubulk" 866
"../../../Engine/Content/Maps/Templates/OpenWorld/_Generated_/OpenWorld_MainGrid_L0_X0_Y-3.umap" 867
"../../../Engine/Content/Maps/Templates/OpenWorld/_Generated_/OpenWorld_MainGrid_L0_X1_Y-2.uexp" 868
"../../../Engine/Content/Maps/Templates/OpenWorld/_Generated_/OpenWorld_MainGrid_L0_X1_Y-2.ubulk" 869
"../../../Engine/Content/Maps/Templates/OpenWorld/_Generated_/OpenWorld_MainGrid_L0_X1_Y-2.umap" 870
"../../../Engine/Content/Maps/Templates/OpenWorld/_Generated_/OpenWorld_MainGrid_L0_X3_Y0.uexp" 871
"../../../Engine/Content/Maps/Templates/OpenWorld/_Generated_/OpenWorld_MainGrid_L0_X3_Y0.ubulk" 872
"../../../Engine/Content/Maps/Templates/OpenWorld/_Generated_/OpenWorld_MainGrid_L0_X3_Y0.umap" 873
"../../../Engine/Content/Maps/Templates/OpenWorld/_Generated_/OpenWorld_MainGrid_L0_X1_Y-4.uexp" 874
"../../../Engine/Content/Maps/Templates/OpenWorld/_Generated_/OpenWorld_MainGrid_L0_X1_Y-4.ubulk" 875
"../../../Engine/Content/Maps/Templates/OpenWorld/_Generated_/OpenWorld_MainGrid_L0_X1_Y-4.umap" 876
"../../../Engine/Content/Maps/Templates/OpenWorld/_Generated_/OpenWorld_MainGrid_L0_X-4_Y-1.uexp" 877
"../../../Engine/Content/Maps/Templates/OpenWorld/_Generated_/OpenWorld_MainGrid_L0_X-4_Y-1.ubulk" 878
"../../../Engine/Content/Maps/Templates/OpenWorld/_Generated_/OpenWorld_MainGrid_L0_X-4_Y-1.umap" 879
"../../../Engine/Content/Maps/Templates/OpenWorld/_Generated_/OpenWorld_MainGrid_L0_X-4_Y-2.uexp" 880
"../../../Engine/Content/Maps/Templates/OpenWorld/_Generated_/OpenWorld_MainGrid_L0_X-4_Y-2.ubulk" 881
"../../../Engine/Content/Maps/Templates/OpenWorld/_Generated_/OpenWorld_MainGrid_L0_X-4_Y-2.umap" 882
"../../../Engine/Content/Maps/Templates/OpenWorld/_Generated_/OpenWorld_MainGrid_L0_X-1_Y-2.uexp" 883
"../../../Engine/Content/Maps/Templates/OpenWorld/_Generated_/OpenWorld_MainGrid_L0_X-1_Y-2.ubulk" 884
"../../../Engine/Content/Maps/Templates/OpenWorld/_Generated_/OpenWorld_MainGrid_L0_X-1_Y-2.umap" 885
"../../../Engine/Content/Maps/Templates/OpenWorld/_Generated_/OpenWorld_MainGrid_L0_X0_Y2.uexp" 886
"../../../Engine/Content/Maps/Templates/OpenWorld/_Generated_/OpenWorld_MainGrid_L0_X0_Y2.ubulk" 887
"../../../Engine/Content/Maps/Templates/OpenWorld/_Generated_/OpenWorld_MainGrid_L0_X0_Y2.umap" 888
"../../../Engine/Content/Maps/Templates/OpenWorld/_Generated_/OpenWorld_MainGrid_L0_X-2_Y1.uexp" 889
"../../../Engine/Content/Maps/Templates/OpenWorld/_Generated_/OpenWorld_MainGrid_L0_X-2_Y1.ubulk" 890
"../../../Engine/Content/Maps/Templates/OpenWorld/_Generated_/OpenWorld_MainGrid_L0_X-2_Y1.umap" 891
"../../../Engine/Content/Maps/Templates/OpenWorld/_Generated_/OpenWorld_MainGrid_L0_X1_Y-1.uexp" 892
"../../../Engine/Content/Maps/Templates/OpenWorld/_Generated_/OpenWorld_MainGrid_L0_X1_Y-1.ubulk" 893
"../../../Engine/Content/Maps/Templates/OpenWorld/_Generated_/OpenWorld_MainGrid_L0_X1_Y-1.umap" 894
"../../../Engine/Content/Maps/Templates/OpenWorld/_Generated_/OpenWorld_MainGrid_L0_X-2_Y3.uexp" 895
"../../../Engine/Content/Maps/Templates/OpenWorld/_Generated_/OpenWorld_MainGrid_L0_X-2_Y3.ubulk" 896
"../../../Engine/Content/Maps/Templates/OpenWorld/_Generated_/OpenWorld_MainGrid_L0_X-2_Y3.umap" 897
"../../../Engine/Content/Maps/Templates/OpenWorld/_Generated_/OpenWorld_MainGrid_L0_X-2_Y0.uexp" 898
"../../../Engine/Content/Maps/Templates/OpenWorld/_Generated_/OpenWorld_MainGrid_L0_X-2_Y0.ubulk" 899
"../../../Engine/Content/Maps/Templates/OpenWorld/_Generated_/OpenWorld_MainGrid_L0_X-2_Y0.umap" 900
"../../../Engine/Content/Maps/Templates/OpenWorld/_Generated_/OpenWorld_MainGrid_L0_X-2_Y-4.uexp" 901
"../../../Engine/Content/Maps/Templates/OpenWorld/_Generated_/OpenWorld_MainGrid_L0_X-2_Y-4.ubulk" 902
"../../../Engine/Content/Maps/Templates/OpenWorld/_Generated_/OpenWorld_MainGrid_L0_X-2_Y-4.umap" 903
"../../../Engine/Content/Maps/Templates/OpenWorld/_Generated_/OpenWorld_MainGrid_L0_X3_Y2.uexp" 904
"../../../Engine/Content/Maps/Templates/OpenWorld/_Generated_/OpenWorld_MainGrid_L0_X3_Y2.ubulk" 905
"../../../Engine/Content/Maps/Templates/OpenWorld/_Generated_/OpenWorld_MainGrid_L0_X3_Y2.umap" 906
"../../../Engine/Content/Maps/Templates/OpenWorld/_Generated_/OpenWorld_MainGrid_L0_X1_Y3.uexp" 907
"../../../Engine/Content/Maps/Templates/OpenWorld/_Generated_/OpenWorld_MainGrid_L0_X1_Y3.ubulk" 908
"../../../Engine/Content/Maps/Templates/OpenWorld/_Generated_/OpenWorld_MainGrid_L0_X1_Y3.umap" 909
"../../../Engine/Content/Maps/Templates/OpenWorld/_Generated_/OpenWorld_MainGrid_L0_X-1_Y1.uexp" 910
"../../../Engine/Content/Maps/Templates/OpenWorld/_Generated_/OpenWorld_MainGrid_L0_X-1_Y1.ubulk" 911
"../../../Engine/Content/Maps/Templates/OpenWorld/_Generated_/OpenWorld_MainGrid_L0_X-1_Y1.umap" 912
"../../../Engine/Content/Maps/Templates/OpenWorld/_Generated_/OpenWorld_MainGrid_L0_X-1_Y2.uexp" 913
"../../../Engine/Content/Maps/Templates/OpenWorld/_Generated_/OpenWorld_MainGrid_L0_X-1_Y2.ubulk" 914
"../../../Engine/Content/Maps/Templates/OpenWorld/_Generated_/OpenWorld_MainGrid_L0_X-1_Y2.umap" 915
"../../../Engine/Content/Maps/Templates/OpenWorld/_Generated_/OpenWorld_MainGrid_L0_X2_Y-1.uexp" 916
"../../../Engine/Content/Maps/Templates/OpenWorld/_Generated_/OpenWorld_MainGrid_L0_X2_Y-1.ubulk" 917
"../../../Engine/Content/Maps/Templates/OpenWorld/_Generated_/OpenWorld_MainGrid_L0_X2_Y-1.umap" 918
"../../../Engine/Content/Maps/Templates/OpenWorld/_Generated_/OpenWorld_MainGrid_L0_X3_Y-3.uexp" 919
"../../../Engine/Content/Maps/Templates/OpenWorld/_Generated_/OpenWorld_MainGrid_L0_X3_Y-3.ubulk" 920
"../../../Engine/Content/Maps/Templates/OpenWorld/_Generated_/OpenWorld_MainGrid_L0_X3_Y-3.umap" 921
"../../../Engine/Content/Maps/Templates/OpenWorld/_Generated_/OpenWorld_MainGrid_L0_X-2_Y-1.uexp" 922
"../../../Engine/Content/Maps/Templates/OpenWorld/_Generated_/OpenWorld_MainGrid_L0_X-2_Y-1.ubulk" 923
"../../../Engine/Content/Maps/Templates/OpenWorld/_Generated_/OpenWorld_MainGrid_L0_X-2_Y-1.umap" 924
"../../../Engine/Content/Maps/Templates/OpenWorld/_Generated_/OpenWorld_MainGrid_L0_X-4_Y-4.uexp" 925
"../../../Engine/Content/Maps/Templates/OpenWorld/_Generated_/OpenWorld_MainGrid_L0_X-4_Y-4.ubulk" 926
"../../../Engine/Content/Maps/Templates/OpenWorld/_Generated_/OpenWorld_MainGrid_L0_X-4_Y-4.umap" 927
"../../../Engine/Content/Maps/Templates/OpenWorld/_Generated_/OpenWorld_MainGrid_L0_X2_Y-2.uexp" 928
"../../../Engine/Content/Maps/Templates/OpenWorld/_Generated_/OpenWorld_MainGrid_L0_X2_Y-2.ubulk" 929
"../../../Engine/Content/Maps/Templates/OpenWorld/_Generated_/OpenWorld_MainGrid_L0_X2_Y-2.umap" 930
"../../../Engine/Content/Maps/Templates/OpenWorld/_Generated_/OpenWorld_MainGrid_L0_X2_Y0.uexp" 931
"../../../Engine/Content/Maps/Templates/OpenWorld/_Generated_/OpenWorld_MainGrid_L0_X2_Y0.ubulk" 932
"../../../Engine/Content/Maps/Templates/OpenWorld/_Generated_/OpenWorld_MainGrid_L0_X2_Y0.umap" 933
"../../../Engine/Content/Maps/Templates/OpenWorld/_Generated_/OpenWorld_MainGrid_L0_X2_Y-3.uexp" 934
"../../../Engine/Content/Maps/Templates/OpenWorld/_Generated_/OpenWorld_MainGrid_L0_X2_Y-3.ubulk" 935
"../../../Engine/Content/Maps/Templates/OpenWorld/_Generated_/OpenWorld_MainGrid_L0_X2_Y-3.umap" 936
"../../../Engine/Content/Maps/Templates/OpenWorld/_Generated_/OpenWorld_MainGrid_L0_X0_Y-1.uexp" 937
"../../../Engine/Content/Maps/Templates/OpenWorld/_Generated_/OpenWorld_MainGrid_L0_X0_Y-1.ubulk" 938
"../../../Engine/Content/Maps/Templates/OpenWorld/_Generated_/OpenWorld_MainGrid_L0_X0_Y-1.umap" 939
"../../../Engine/Content/Maps/Templates/OpenWorld/_Generated_/OpenWorld_MainGrid_L0_X-1_Y-4.uexp" 940
"../../../Engine/Content/Maps/Templates/OpenWorld/_Generated_/OpenWorld_MainGrid_L0_X-1_Y-4.ubulk" 941
"../../../Engine/Content/Maps/Templates/OpenWorld/_Generated_/OpenWorld_MainGrid_L0_X-1_Y-4.umap" 942
"../../../Engine/Content/Maps/Templates/OpenWorld/_Generated_/OpenWorld_MainGrid_L0_X-1_Y-3.uexp" 943
"../../../Engine/Content/Maps/Templates/OpenWorld/_Generated_/OpenWorld_MainGrid_L0_X-1_Y-3.ubulk" 944
"../../../Engine/Content/Maps/Templates/OpenWorld/_Generated_/OpenWorld_MainGrid_L0_X-1_Y-3.umap" 945
"../../../Engine/Content/Maps/Templates/OpenWorld/_Generated_/OpenWorld_MainGrid_L0_X0_Y1.uexp" 946
"../../../Engine/Content/Maps/Templates/OpenWorld/_Generated_/OpenWorld_MainGrid_L0_X0_Y1.ubulk" 947
"../../../Engine/Content/Maps/Templates/OpenWorld/_Generated_/OpenWorld_MainGrid_L0_X0_Y1.umap" 948
"../../../Engine/Content/Maps/Templates/OpenWorld/_Generated_/OpenWorld_MainGrid_L0_X-1_Y0.uexp" 949
"../../../Engine/Content/Maps/Templates/OpenWorld/_Generated_/OpenWorld_MainGrid_L0_X-1_Y0.ubulk" 950
"../../../Engine/Content/Maps/Templates/OpenWorld/_Generated_/OpenWorld_MainGrid_L0_X-1_Y0.umap" 951
"../../../Engine/Content/Maps/Templates/OpenWorld/_Generated_/OpenWorld_MainGrid_L0_X-4_Y0.uexp" 952
"../../../Engine/Content/Maps/Templates/OpenWorld/_Generated_/OpenWorld_MainGrid_L0_X-4_Y0.ubulk" 953
"../../../Engine/Content/Maps/Templates/OpenWorld/_Generated_/OpenWorld_MainGrid_L0_X-4_Y0.umap" 954
"../../../Engine/Content/Maps/Templates/OpenWorld/_Generated_/OpenWorld_MainGrid_L0_X-1_Y3.uexp" 955
"../../../Engine/Content/Maps/Templates/OpenWorld/_Generated_/OpenWorld_MainGrid_L0_X-1_Y3.ubulk" 956
"../../../Engine/Content/Maps/Templates/OpenWorld/_Generated_/OpenWorld_MainGrid_L0_X-1_Y3.umap" 957
"../../../Engine/Content/Maps/Templates/OpenWorld/_Generated_/OpenWorld_MainGrid_L0_X3_Y-4.uexp" 958
"../../../Engine/Content/Maps/Templates/OpenWorld/_Generated_/OpenWorld_MainGrid_L0_X3_Y-4.ubulk" 959
"../../../Engine/Content/Maps/Templates/OpenWorld/_Generated_/OpenWorld_MainGrid_L0_X3_Y-4.umap" 960
"../../../Engine/Content/Maps/Templates/OpenWorld/_Generated_/OpenWorld_MainGrid_L0_X0_Y3.uexp" 961
"../../../Engine/Content/Maps/Templates/OpenWorld/_Generated_/OpenWorld_MainGrid_L0_X0_Y3.ubulk" 962
"../../../Engine/Content/Maps/Templates/OpenWorld/_Generated_/OpenWorld_MainGrid_L0_X0_Y3.umap" 963
"../../../Engine/Content/Maps/Templates/OpenWorld/_Generated_/OpenWorld_MainGrid_L0_X-2_Y-2.uexp" 964
"../../../Engine/Content/Maps/Templates/OpenWorld/_Generated_/OpenWorld_MainGrid_L0_X-2_Y-2.ubulk" 965
"../../../Engine/Content/Maps/Templates/OpenWorld/_Generated_/OpenWorld_MainGrid_L0_X-2_Y-2.umap" 966
"../../../Engine/Content/Maps/Templates/OpenWorld/_Generated_/OpenWorld_MainGrid_L0_X2_Y-4.uexp" 967
"../../../Engine/Content/Maps/Templates/OpenWorld/_Generated_/OpenWorld_MainGrid_L0_X2_Y-4.ubulk" 968
"../../../Engine/Content/Maps/Templates/OpenWorld/_Generated_/OpenWorld_MainGrid_L0_X2_Y-4.umap" 969
"../../../Engine/Content/Maps/Templates/OpenWorld/_Generated_/OpenWorld_MainGrid_L0_X-4_Y1.uexp" 970
"../../../Engine/Content/Maps/Templates/OpenWorld/_Generated_/OpenWorld_MainGrid_L0_X-4_Y1.ubulk" 971
"../../../Engine/Content/Maps/Templates/OpenWorld/_Generated_/OpenWorld_MainGrid_L0_X-4_Y1.umap" 972
"../../../Engine/Content/Maps/Templates/OpenWorld/_Generated_/OpenWorld_MainGrid_L0_X-3_Y-3.uexp" 973
"../../../Engine/Content/Maps/Templates/OpenWorld/_Generated_/OpenWorld_MainGrid_L0_X-3_Y-3.ubulk" 974
"../../../Engine/Content/Maps/Templates/OpenWorld/_Generated_/OpenWorld_MainGrid_L0_X-3_Y-3.umap" 975
"../../../Engine/Content/Maps/Templates/OpenWorld/_Generated_/OpenWorld_MainGrid_L0_X-3_Y-4.uexp" 976
"../../../Engine/Content/Maps/Templates/OpenWorld/_Generated_/OpenWorld_MainGrid_L0_X-3_Y-4.ubulk" 977
"../../../Engine/Content/Maps/Templates/OpenWorld/_Generated_/OpenWorld_MainGrid_L0_X-3_Y-4.umap" 978
"../../../Engine/Content/Maps/Templates/OpenWorld/_Generated_/OpenWorld_MainGrid_L0_X2_Y3.uexp" 979
"../../../Engine/Content/Maps/Templates/OpenWorld/_Generated_/OpenWorld_MainGrid_L0_X2_Y3.ubulk" 980
"../../../Engine/Content/Maps/Templates/OpenWorld/_Generated_/OpenWorld_MainGrid_L0_X2_Y3.umap" 981
"../../../Engine/Content/Maps/Templates/OpenWorld/_Generated_/OpenWorld_MainGrid_L0_X2_Y2.uexp" 982
"../../../Engine/Content/Maps/Templates/OpenWorld/_Generated_/OpenWorld_MainGrid_L0_X2_Y2.ubulk" 983
"../../../Engine/Content/Maps/Templates/OpenWorld/_Generated_/OpenWorld_MainGrid_L0_X2_Y2.umap" 984
"../../../Engine/Content/Maps/Templates/OpenWorld/_Generated_/OpenWorld_MainGrid_L0_X3_Y-1.uexp" 985
"../../../Engine/Content/Maps/Templates/OpenWorld/_Generated_/OpenWorld_MainGrid_L0_X3_Y-1.ubulk" 986
"../../../Engine/Content/Maps/Templates/OpenWorld/_Generated_/OpenWorld_MainGrid_L0_X3_Y-1.umap" 987
"../../../Engine/Content/Maps/Templates/OpenWorld/_Generated_/OpenWorld_MainGrid_L0_X-4_Y2.uexp" 988
"../../../Engine/Content/Maps/Templates/OpenWorld/_Generated_/OpenWorld_MainGrid_L0_X-4_Y2.ubulk" 989
"../../../Engine/Content/Maps/Templates/OpenWorld/_Generated_/OpenWorld_MainGrid_L0_X-4_Y2.umap" 990
"../../../Engine/Content/Maps/Templates/OpenWorld/_Generated_/OpenWorld_MainGrid_L0_X-3_Y1.uexp" 991
"../../../Engine/Content/Maps/Templates/OpenWorld/_Generated_/OpenWorld_MainGrid_L0_X-3_Y1.ubulk" 992
"../../../Engine/Content/Maps/Templates/OpenWorld/_Generated_/OpenWorld_MainGrid_L0_X-3_Y1.umap" 993
